<?xml version="1.0" encoding="UTF-8"?>
<testsuite xmlns:xsi="http://www.w3.org/2001/XMLSchema-instance" xsi:noNamespaceSchemaLocation="https://maven.apache.org/surefire/maven-surefire-plugin/xsd/surefire-test-report-3.0.xsd" version="3.0" name="swaglabs.LoginTest" time="49.097" tests="1" errors="0" skipped="0" failures="1">
  <properties>
    <property name="java.specification.version" value="21"/>
    <property name="sun.cpu.isalist" value="amd64"/>
    <property name="sun.jnu.encoding" value="Cp1252"/>
    <property name="java.class.path" value="C:\Users\Lenovo\Desktop\SwagLabs_Testing\target\test-classes;C:\Users\Lenovo\Desktop\SwagLabs_Testing\target\classes;C:\Users\Lenovo\.m2\repository\org\seleniumhq\selenium\selenium-java\4.34.0\selenium-java-4.34.0.jar;C:\Users\Lenovo\.m2\repository\org\seleniumhq\selenium\selenium-api\4.34.0\selenium-api-4.34.0.jar;C:\Users\Lenovo\.m2\repository\org\jspecify\jspecify\1.0.0\jspecify-1.0.0.jar;C:\Users\Lenovo\.m2\repository\org\seleniumhq\selenium\selenium-chrome-driver\4.34.0\selenium-chrome-driver-4.34.0.jar;C:\Users\Lenovo\.m2\repository\com\google\auto\service\auto-service-annotations\1.1.1\auto-service-annotations-1.1.1.jar;C:\Users\Lenovo\.m2\repository\org\seleniumhq\selenium\selenium-chromium-driver\4.34.0\selenium-chromium-driver-4.34.0.jar;C:\Users\Lenovo\.m2\repository\org\seleniumhq\selenium\selenium-json\4.34.0\selenium-json-4.34.0.jar;C:\Users\Lenovo\.m2\repository\org\seleniumhq\selenium\selenium-manager\4.34.0\selenium-manager-4.34.0.jar;C:\Users\Lenovo\.m2\repository\org\seleniumhq\selenium\selenium-devtools-v136\4.34.0\selenium-devtools-v136-4.34.0.jar;C:\Users\Lenovo\.m2\repository\org\seleniumhq\selenium\selenium-devtools-v137\4.34.0\selenium-devtools-v137-4.34.0.jar;C:\Users\Lenovo\.m2\repository\org\seleniumhq\selenium\selenium-devtools-v138\4.34.0\selenium-devtools-v138-4.34.0.jar;C:\Users\Lenovo\.m2\repository\org\seleniumhq\selenium\selenium-edge-driver\4.34.0\selenium-edge-driver-4.34.0.jar;C:\Users\Lenovo\.m2\repository\org\seleniumhq\selenium\selenium-firefox-driver\4.34.0\selenium-firefox-driver-4.34.0.jar;C:\Users\Lenovo\.m2\repository\org\seleniumhq\selenium\selenium-http\4.34.0\selenium-http-4.34.0.jar;C:\Users\Lenovo\.m2\repository\org\seleniumhq\selenium\selenium-ie-driver\4.34.0\selenium-ie-driver-4.34.0.jar;C:\Users\Lenovo\.m2\repository\org\seleniumhq\selenium\selenium-remote-driver\4.34.0\selenium-remote-driver-4.34.0.jar;C:\Users\Lenovo\.m2\repository\com\google\guava\guava\33.4.8-jre\guava-33.4.8-jre.jar;C:\Users\Lenovo\.m2\repository\com\google\guava\failureaccess\1.0.3\failureaccess-1.0.3.jar;C:\Users\Lenovo\.m2\repository\com\google\guava\listenablefuture\9999.0-empty-to-avoid-conflict-with-guava\listenablefuture-9999.0-empty-to-avoid-conflict-with-guava.jar;C:\Users\Lenovo\.m2\repository\com\google\errorprone\error_prone_annotations\2.36.0\error_prone_annotations-2.36.0.jar;C:\Users\Lenovo\.m2\repository\com\google\j2objc\j2objc-annotations\3.0.0\j2objc-annotations-3.0.0.jar;C:\Users\Lenovo\.m2\repository\io\opentelemetry\opentelemetry-api\1.51.0\opentelemetry-api-1.51.0.jar;C:\Users\Lenovo\.m2\repository\io\opentelemetry\opentelemetry-context\1.51.0\opentelemetry-context-1.51.0.jar;C:\Users\Lenovo\.m2\repository\io\opentelemetry\opentelemetry-exporter-logging\1.51.0\opentelemetry-exporter-logging-1.51.0.jar;C:\Users\Lenovo\.m2\repository\io\opentelemetry\opentelemetry-sdk-common\1.51.0\opentelemetry-sdk-common-1.51.0.jar;C:\Users\Lenovo\.m2\repository\io\opentelemetry\opentelemetry-sdk-extension-autoconfigure-spi\1.51.0\opentelemetry-sdk-extension-autoconfigure-spi-1.51.0.jar;C:\Users\Lenovo\.m2\repository\io\opentelemetry\opentelemetry-sdk-extension-autoconfigure\1.51.0\opentelemetry-sdk-extension-autoconfigure-1.51.0.jar;C:\Users\Lenovo\.m2\repository\io\opentelemetry\opentelemetry-sdk-trace\1.51.0\opentelemetry-sdk-trace-1.51.0.jar;C:\Users\Lenovo\.m2\repository\io\opentelemetry\opentelemetry-sdk\1.51.0\opentelemetry-sdk-1.51.0.jar;C:\Users\Lenovo\.m2\repository\io\opentelemetry\opentelemetry-sdk-metrics\1.51.0\opentelemetry-sdk-metrics-1.51.0.jar;C:\Users\Lenovo\.m2\repository\io\opentelemetry\opentelemetry-sdk-logs\1.51.0\opentelemetry-sdk-logs-1.51.0.jar;C:\Users\Lenovo\.m2\repository\net\bytebuddy\byte-buddy\1.17.6\byte-buddy-1.17.6.jar;C:\Users\Lenovo\.m2\repository\org\seleniumhq\selenium\selenium-os\4.34.0\selenium-os-4.34.0.jar;C:\Users\Lenovo\.m2\repository\org\apache\commons\commons-exec\1.5.0\commons-exec-1.5.0.jar;C:\Users\Lenovo\.m2\repository\org\seleniumhq\selenium\selenium-safari-driver\4.34.0\selenium-safari-driver-4.34.0.jar;C:\Users\Lenovo\.m2\repository\org\seleniumhq\selenium\selenium-support\4.34.0\selenium-support-4.34.0.jar;C:\Users\Lenovo\.m2\repository\org\testng\testng\7.11.0\testng-7.11.0.jar;C:\Users\Lenovo\.m2\repository\org\slf4j\slf4j-api\2.0.16\slf4j-api-2.0.16.jar;C:\Users\Lenovo\.m2\repository\org\jcommander\jcommander\1.83\jcommander-1.83.jar;C:\Users\Lenovo\.m2\repository\org\webjars\jquery\3.7.1\jquery-3.7.1.jar;"/>
    <property name="java.vm.vendor" value="Oracle Corporation"/>
    <property name="sun.arch.data.model" value="64"/>
    <property name="user.variant" value=""/>
    <property name="java.vendor.url" value="https://java.oracle.com/"/>
    <property name="user.timezone" value="Europe/Paris"/>
    <property name="os.name" value="Windows 11"/>
    <property name="java.vm.specification.version" value="21"/>
    <property name="user.country" value="FR"/>
    <property name="sun.java.launcher" value="SUN_STANDARD"/>
    <property name="sun.boot.library.path" value="C:\Program Files\Java\jdk-21\bin"/>
    <property name="sun.java.command" value="C:\Users\Lenovo\AppData\Local\Temp\surefire13456482945363744268\surefirebooter-20250904203517206_3.jar C:\Users\Lenovo\AppData\Local\Temp\surefire13456482945363744268 2025-09-04T20-35-17_081-jvmRun1 surefire-20250904203517206_1tmp surefire_0-20250904203517206_2tmp"/>
    <property name="jdk.debug" value="release"/>
    <property name="test" value="swaglabs.LoginTest#testValidLogin"/>
    <property name="surefire.test.class.path" value="C:\Users\Lenovo\Desktop\SwagLabs_Testing\target\test-classes;C:\Users\Lenovo\Desktop\SwagLabs_Testing\target\classes;C:\Users\Lenovo\.m2\repository\org\seleniumhq\selenium\selenium-java\4.34.0\selenium-java-4.34.0.jar;C:\Users\Lenovo\.m2\repository\org\seleniumhq\selenium\selenium-api\4.34.0\selenium-api-4.34.0.jar;C:\Users\Lenovo\.m2\repository\org\jspecify\jspecify\1.0.0\jspecify-1.0.0.jar;C:\Users\Lenovo\.m2\repository\org\seleniumhq\selenium\selenium-chrome-driver\4.34.0\selenium-chrome-driver-4.34.0.jar;C:\Users\Lenovo\.m2\repository\com\google\auto\service\auto-service-annotations\1.1.1\auto-service-annotations-1.1.1.jar;C:\Users\Lenovo\.m2\repository\org\seleniumhq\selenium\selenium-chromium-driver\4.34.0\selenium-chromium-driver-4.34.0.jar;C:\Users\Lenovo\.m2\repository\org\seleniumhq\selenium\selenium-json\4.34.0\selenium-json-4.34.0.jar;C:\Users\Lenovo\.m2\repository\org\seleniumhq\selenium\selenium-manager\4.34.0\selenium-manager-4.34.0.jar;C:\Users\Lenovo\.m2\repository\org\seleniumhq\selenium\selenium-devtools-v136\4.34.0\selenium-devtools-v136-4.34.0.jar;C:\Users\Lenovo\.m2\repository\org\seleniumhq\selenium\selenium-devtools-v137\4.34.0\selenium-devtools-v137-4.34.0.jar;C:\Users\Lenovo\.m2\repository\org\seleniumhq\selenium\selenium-devtools-v138\4.34.0\selenium-devtools-v138-4.34.0.jar;C:\Users\Lenovo\.m2\repository\org\seleniumhq\selenium\selenium-edge-driver\4.34.0\selenium-edge-driver-4.34.0.jar;C:\Users\Lenovo\.m2\repository\org\seleniumhq\selenium\selenium-firefox-driver\4.34.0\selenium-firefox-driver-4.34.0.jar;C:\Users\Lenovo\.m2\repository\org\seleniumhq\selenium\selenium-http\4.34.0\selenium-http-4.34.0.jar;C:\Users\Lenovo\.m2\repository\org\seleniumhq\selenium\selenium-ie-driver\4.34.0\selenium-ie-driver-4.34.0.jar;C:\Users\Lenovo\.m2\repository\org\seleniumhq\selenium\selenium-remote-driver\4.34.0\selenium-remote-driver-4.34.0.jar;C:\Users\Lenovo\.m2\repository\com\google\guava\guava\33.4.8-jre\guava-33.4.8-jre.jar;C:\Users\Lenovo\.m2\repository\com\google\guava\failureaccess\1.0.3\failureaccess-1.0.3.jar;C:\Users\Lenovo\.m2\repository\com\google\guava\listenablefuture\9999.0-empty-to-avoid-conflict-with-guava\listenablefuture-9999.0-empty-to-avoid-conflict-with-guava.jar;C:\Users\Lenovo\.m2\repository\com\google\errorprone\error_prone_annotations\2.36.0\error_prone_annotations-2.36.0.jar;C:\Users\Lenovo\.m2\repository\com\google\j2objc\j2objc-annotations\3.0.0\j2objc-annotations-3.0.0.jar;C:\Users\Lenovo\.m2\repository\io\opentelemetry\opentelemetry-api\1.51.0\opentelemetry-api-1.51.0.jar;C:\Users\Lenovo\.m2\repository\io\opentelemetry\opentelemetry-context\1.51.0\opentelemetry-context-1.51.0.jar;C:\Users\Lenovo\.m2\repository\io\opentelemetry\opentelemetry-exporter-logging\1.51.0\opentelemetry-exporter-logging-1.51.0.jar;C:\Users\Lenovo\.m2\repository\io\opentelemetry\opentelemetry-sdk-common\1.51.0\opentelemetry-sdk-common-1.51.0.jar;C:\Users\Lenovo\.m2\repository\io\opentelemetry\opentelemetry-sdk-extension-autoconfigure-spi\1.51.0\opentelemetry-sdk-extension-autoconfigure-spi-1.51.0.jar;C:\Users\Lenovo\.m2\repository\io\opentelemetry\opentelemetry-sdk-extension-autoconfigure\1.51.0\opentelemetry-sdk-extension-autoconfigure-1.51.0.jar;C:\Users\Lenovo\.m2\repository\io\opentelemetry\opentelemetry-sdk-trace\1.51.0\opentelemetry-sdk-trace-1.51.0.jar;C:\Users\Lenovo\.m2\repository\io\opentelemetry\opentelemetry-sdk\1.51.0\opentelemetry-sdk-1.51.0.jar;C:\Users\Lenovo\.m2\repository\io\opentelemetry\opentelemetry-sdk-metrics\1.51.0\opentelemetry-sdk-metrics-1.51.0.jar;C:\Users\Lenovo\.m2\repository\io\opentelemetry\opentelemetry-sdk-logs\1.51.0\opentelemetry-sdk-logs-1.51.0.jar;C:\Users\Lenovo\.m2\repository\net\bytebuddy\byte-buddy\1.17.6\byte-buddy-1.17.6.jar;C:\Users\Lenovo\.m2\repository\org\seleniumhq\selenium\selenium-os\4.34.0\selenium-os-4.34.0.jar;C:\Users\Lenovo\.m2\repository\org\apache\commons\commons-exec\1.5.0\commons-exec-1.5.0.jar;C:\Users\Lenovo\.m2\repository\org\seleniumhq\selenium\selenium-safari-driver\4.34.0\selenium-safari-driver-4.34.0.jar;C:\Users\Lenovo\.m2\repository\org\seleniumhq\selenium\selenium-support\4.34.0\selenium-support-4.34.0.jar;C:\Users\Lenovo\.m2\repository\org\testng\testng\7.11.0\testng-7.11.0.jar;C:\Users\Lenovo\.m2\repository\org\slf4j\slf4j-api\2.0.16\slf4j-api-2.0.16.jar;C:\Users\Lenovo\.m2\repository\org\jcommander\jcommander\1.83\jcommander-1.83.jar;C:\Users\Lenovo\.m2\repository\org\webjars\jquery\3.7.1\jquery-3.7.1.jar;"/>
    <property name="sun.cpu.endian" value="little"/>
    <property name="user.home" value="C:\Users\Lenovo"/>
    <property name="user.language" value="fr"/>
    <property name="java.specification.vendor" value="Oracle Corporation"/>
    <property name="java.version.date" value="2025-07-15"/>
    <property name="java.home" value="C:\Program Files\Java\jdk-21"/>
    <property name="file.separator" value="\"/>
    <property name="basedir" value="C:\Users\Lenovo\Desktop\SwagLabs_Testing"/>
    <property name="java.vm.compressedOopsMode" value="Zero based"/>
    <property name="line.separator" value="&#10;"/>
    <property name="java.vm.specification.vendor" value="Oracle Corporation"/>
    <property name="java.specification.name" value="Java Platform API Specification"/>
    <property name="surefire.real.class.path" value="C:\Users\Lenovo\AppData\Local\Temp\surefire13456482945363744268\surefirebooter-20250904203517206_3.jar"/>
    <property name="user.script" value=""/>
    <property name="sun.management.compiler" value="HotSpot 64-Bit Tiered Compilers"/>
    <property name="java.runtime.version" value="21.0.8+12-LTS-250"/>
    <property name="user.name" value="Lenovo"/>
    <property name="stdout.encoding" value="Cp1252"/>
    <property name="path.separator" value=";"/>
    <property name="os.version" value="10.0"/>
    <property name="java.runtime.name" value="Java(TM) SE Runtime Environment"/>
    <property name="file.encoding" value="UTF-8"/>
    <property name="java.vm.name" value="Java HotSpot(TM) 64-Bit Server VM"/>
    <property name="maven.ext.class.path" value="C:\Users\Lenovo\.vscode\extensions\oracle.oracle-java-24.1.0\nbcode\java\maven-nblib\netbeans-eventspy.jar"/>
    <property name="localRepository" value="C:\Users\Lenovo\.m2\repository"/>
    <property name="java.vendor.url.bug" value="https://bugreport.java.com/bugreport/"/>
    <property name="java.io.tmpdir" value="C:\Users\Lenovo\AppData\Local\Temp\"/>
    <property name="java.version" value="21.0.8"/>
    <property name="user.dir" value="C:\Users\Lenovo\Desktop\SwagLabs_Testing"/>
    <property name="os.arch" value="amd64"/>
    <property name="java.vm.specification.name" value="Java Virtual Machine Specification"/>
    <property name="sun.os.patch.level" value=""/>
    <property name="native.encoding" value="Cp1252"/>
    <property name="java.library.path" value="C:\Program Files\Java\jdk-21\bin;C:\Windows\Sun\Java\bin;C:\Windows\system32;C:\Windows;C:\Program Files\Common Files\Oracle\Java\javapath;C:\Windows\system32;C:\Windows;C:\Windows\System32\Wbem;C:\Windows\System32\WindowsPowerShell\v1.0\;C:\Windows\System32\OpenSSH\;C:\Program Files\NVIDIA Corporation\NVIDIA NvDLISR;C:\Program Files\Git\cmd;C:\Program Files\Java\jdk-21\bin;C:\Program Files\Java\jdk-21\bin\java.exe;C:\Program Files\Java\jdk-21\bin\javac.exe;C:\Program Files\Maven\apache-maven-3.9.11\apache-maven\src\bin;C:\Program Files\Maven\apache-maven-3.9.11\bin;C:\Program Files (x86)\dotnet\;C:\Users\Lenovo\AppData\Local\Programs\Python\Python313\Scripts\;C:\Users\Lenovo\AppData\Local\Programs\Python\Python313\;C:\Users\Lenovo\AppData\Local\Microsoft\WindowsApps;C:\Program Files\Microsoft VS Code\bin;C:\Program Files\JetBrains\IntelliJ IDEA Community Edition 2025.2.1\bin;."/>
    <property name="java.vm.info" value="mixed mode, sharing"/>
    <property name="stderr.encoding" value="Cp1252"/>
    <property name="java.vendor" value="Oracle Corporation"/>
    <property name="java.vm.version" value="21.0.8+12-LTS-250"/>
    <property name="sun.io.unicode.encoding" value="UnicodeLittle"/>
    <property name="java.class.version" value="65.0"/>
  </properties>
  <testcase name="testValidLogin" classname="swaglabs.LoginTest" time="46.217">
    <failure message="Expected condition failed: waiting for com.swaglabs.utils.Waits$$Lambda/0x000001821021ad08@7a184d27 (tried for 10 second(s) with 500 milliseconds interval)" type="org.openqa.selenium.TimeoutException"><![CDATA[org.openqa.selenium.TimeoutException: Expected condition failed: waiting for com.swaglabs.utils.Waits$$Lambda/0x000001821021ad08@7a184d27 (tried for 10 second(s) with 500 milliseconds interval)
	at org.openqa.selenium.support.ui.WebDriverWait.timeoutException(WebDriverWait.java:84)
	at org.openqa.selenium.support.ui.FluentWait.until(FluentWait.java:228)
	at com.swaglabs.utils.Waits.waitForElementToBePresent(Waits.java:20)
	at com.swaglabs.utils.Waits.lambda$1(Waits.java:27)
	at org.openqa.selenium.support.ui.FluentWait.until(FluentWait.java:203)
	at com.swaglabs.utils.Waits.waitForElementToBeVisible(Waits.java:26)
	at com.swaglabs.utils.ElementActions.findElement(ElementActions.java:39)
	at com.swaglabs.utils.Scrolling.scrollToElement(Scrolling.java:15)
	at com.swaglabs.utils.ElementActions.findElement(ElementActions.java:40)
	at com.swaglabs.utils.Scrolling.scrollToElement(Scrolling.java:15)
	at com.swaglabs.utils.ElementActions.findElement(ElementActions.java:40)
	at com.swaglabs.utils.Scrolling.scrollToElement(Scrolling.java:15)
	at com.swaglabs.utils.ElementActions.findElement(ElementActions.java:40)
	at com.swaglabs.utils.Scrolling.scrollToElement(Scrolling.java:15)
	at com.swaglabs.utils.ElementActions.findElement(ElementActions.java:40)
	at com.swaglabs.utils.Scrolling.scrollToElement(Scrolling.java:15)
	at com.swaglabs.utils.ElementActions.findElement(ElementActions.java:40)
	at com.swaglabs.utils.Scrolling.scrollToElement(Scrolling.java:15)
	at com.swaglabs.utils.ElementActions.findElement(ElementActions.java:40)
	at com.swaglabs.utils.Scrolling.scrollToElement(Scrolling.java:15)
	at com.swaglabs.utils.ElementActions.findElement(ElementActions.java:40)
	at com.swaglabs.utils.Scrolling.scrollToElement(Scrolling.java:15)
	at com.swaglabs.utils.ElementActions.findElement(ElementActions.java:40)
	at com.swaglabs.utils.Scrolling.scrollToElement(Scrolling.java:15)
	at com.swaglabs.utils.ElementActions.findElement(ElementActions.java:40)
	at com.swaglabs.utils.Scrolling.scrollToElement(Scrolling.java:15)
	at com.swaglabs.utils.ElementActions.findElement(ElementActions.java:40)
	at com.swaglabs.utils.Scrolling.scrollToElement(Scrolling.java:15)
	at com.swaglabs.utils.ElementActions.findElement(ElementActions.java:40)
	at com.swaglabs.utils.Scrolling.scrollToElement(Scrolling.java:15)
	at com.swaglabs.utils.ElementActions.findElement(ElementActions.java:40)
	at com.swaglabs.utils.Scrolling.scrollToElement(Scrolling.java:15)
	at com.swaglabs.utils.ElementActions.findElement(ElementActions.java:40)
	at com.swaglabs.utils.Scrolling.scrollToElement(Scrolling.java:15)
	at com.swaglabs.utils.ElementActions.findElement(ElementActions.java:40)
	at com.swaglabs.utils.Scrolling.scrollToElement(Scrolling.java:15)
	at com.swaglabs.utils.ElementActions.findElement(ElementActions.java:40)
	at com.swaglabs.utils.Scrolling.scrollToElement(Scrolling.java:15)
	at com.swaglabs.utils.ElementActions.findElement(ElementActions.java:40)
	at com.swaglabs.utils.Scrolling.scrollToElement(Scrolling.java:15)
	at com.swaglabs.utils.ElementActions.findElement(ElementActions.java:40)
	at com.swaglabs.utils.Scrolling.scrollToElement(Scrolling.java:15)
	at com.swaglabs.utils.ElementActions.findElement(ElementActions.java:40)
	at com.swaglabs.utils.Scrolling.scrollToElement(Scrolling.java:15)
	at com.swaglabs.utils.ElementActions.findElement(ElementActions.java:40)
	at com.swaglabs.utils.Scrolling.scrollToElement(Scrolling.java:15)
	at com.swaglabs.utils.ElementActions.findElement(ElementActions.java:40)
	at com.swaglabs.utils.Scrolling.scrollToElement(Scrolling.java:15)
	at com.swaglabs.utils.ElementActions.findElement(ElementActions.java:40)
	at com.swaglabs.utils.Scrolling.scrollToElement(Scrolling.java:15)
	at com.swaglabs.utils.ElementActions.findElement(ElementActions.java:40)
	at com.swaglabs.utils.Scrolling.scrollToElement(Scrolling.java:15)
	at com.swaglabs.utils.ElementActions.findElement(ElementActions.java:40)
	at com.swaglabs.utils.Scrolling.scrollToElement(Scrolling.java:15)
	at com.swaglabs.utils.ElementActions.findElement(ElementActions.java:40)
	at com.swaglabs.utils.Scrolling.scrollToElement(Scrolling.java:15)
	at com.swaglabs.utils.ElementActions.findElement(ElementActions.java:40)
	at com.swaglabs.utils.Scrolling.scrollToElement(Scrolling.java:15)
	at com.swaglabs.utils.ElementActions.findElement(ElementActions.java:40)
	at com.swaglabs.utils.Scrolling.scrollToElement(Scrolling.java:15)
	at com.swaglabs.utils.ElementActions.findElement(ElementActions.java:40)
	at com.swaglabs.utils.Scrolling.scrollToElement(Scrolling.java:15)
	at com.swaglabs.utils.ElementActions.findElement(ElementActions.java:40)
	at com.swaglabs.utils.Scrolling.scrollToElement(Scrolling.java:15)
	at com.swaglabs.utils.ElementActions.findElement(ElementActions.java:40)
	at com.swaglabs.utils.Scrolling.scrollToElement(Scrolling.java:15)
	at com.swaglabs.utils.ElementActions.findElement(ElementActions.java:40)
	at com.swaglabs.utils.Scrolling.scrollToElement(Scrolling.java:15)
	at com.swaglabs.utils.ElementActions.findElement(ElementActions.java:40)
	at com.swaglabs.utils.Scrolling.scrollToElement(Scrolling.java:15)
	at com.swaglabs.utils.ElementActions.findElement(ElementActions.java:40)
	at com.swaglabs.utils.Scrolling.scrollToElement(Scrolling.java:15)
	at com.swaglabs.utils.ElementActions.findElement(ElementActions.java:40)
	at com.swaglabs.utils.Scrolling.scrollToElement(Scrolling.java:15)
	at com.swaglabs.utils.ElementActions.findElement(ElementActions.java:40)
	at com.swaglabs.utils.Scrolling.scrollToElement(Scrolling.java:15)
	at com.swaglabs.utils.ElementActions.findElement(ElementActions.java:40)
	at com.swaglabs.utils.Scrolling.scrollToElement(Scrolling.java:15)
	at com.swaglabs.utils.ElementActions.findElement(ElementActions.java:40)
	at com.swaglabs.utils.Scrolling.scrollToElement(Scrolling.java:15)
	at com.swaglabs.utils.ElementActions.findElement(ElementActions.java:40)
	at com.swaglabs.utils.Scrolling.scrollToElement(Scrolling.java:15)
	at com.swaglabs.utils.ElementActions.findElement(ElementActions.java:40)
	at com.swaglabs.utils.Scrolling.scrollToElement(Scrolling.java:15)
	at com.swaglabs.utils.ElementActions.findElement(ElementActions.java:40)
	at com.swaglabs.utils.Scrolling.scrollToElement(Scrolling.java:15)
	at com.swaglabs.utils.ElementActions.findElement(ElementActions.java:40)
	at com.swaglabs.utils.Scrolling.scrollToElement(Scrolling.java:15)
	at com.swaglabs.utils.ElementActions.findElement(ElementActions.java:40)
	at com.swaglabs.utils.Scrolling.scrollToElement(Scrolling.java:15)
	at com.swaglabs.utils.ElementActions.findElement(ElementActions.java:40)
	at com.swaglabs.utils.Scrolling.scrollToElement(Scrolling.java:15)
	at com.swaglabs.utils.ElementActions.findElement(ElementActions.java:40)
	at com.swaglabs.utils.Scrolling.scrollToElement(Scrolling.java:15)
	at com.swaglabs.utils.ElementActions.findElement(ElementActions.java:40)
	at com.swaglabs.utils.Scrolling.scrollToElement(Scrolling.java:15)
	at com.swaglabs.utils.ElementActions.findElement(ElementActions.java:40)
	at com.swaglabs.utils.Scrolling.scrollToElement(Scrolling.java:15)
	at com.swaglabs.utils.ElementActions.findElement(ElementActions.java:40)
	at com.swaglabs.utils.Scrolling.scrollToElement(Scrolling.java:15)
	at com.swaglabs.utils.ElementActions.findElement(ElementActions.java:40)
	at com.swaglabs.utils.Scrolling.scrollToElement(Scrolling.java:15)
	at com.swaglabs.utils.ElementActions.findElement(ElementActions.java:40)
	at com.swaglabs.utils.Scrolling.scrollToElement(Scrolling.java:15)
	at com.swaglabs.utils.ElementActions.findElement(ElementActions.java:40)
	at com.swaglabs.utils.Scrolling.scrollToElement(Scrolling.java:15)
	at com.swaglabs.utils.ElementActions.findElement(ElementActions.java:40)
	at com.swaglabs.utils.Scrolling.scrollToElement(Scrolling.java:15)
	at com.swaglabs.utils.ElementActions.findElement(ElementActions.java:40)
	at com.swaglabs.utils.Scrolling.scrollToElement(Scrolling.java:15)
	at com.swaglabs.utils.ElementActions.findElement(ElementActions.java:40)
	at com.swaglabs.utils.Scrolling.scrollToElement(Scrolling.java:15)
	at com.swaglabs.utils.ElementActions.findElement(ElementActions.java:40)
	at com.swaglabs.utils.Scrolling.scrollToElement(Scrolling.java:15)
	at com.swaglabs.utils.ElementActions.findElement(ElementActions.java:40)
	at com.swaglabs.utils.Scrolling.scrollToElement(Scrolling.java:15)
	at com.swaglabs.utils.ElementActions.findElement(ElementActions.java:40)
	at com.swaglabs.utils.Scrolling.scrollToElement(Scrolling.java:15)
	at com.swaglabs.utils.ElementActions.findElement(ElementActions.java:40)
	at com.swaglabs.utils.Scrolling.scrollToElement(Scrolling.java:15)
	at com.swaglabs.utils.ElementActions.findElement(ElementActions.java:40)
	at com.swaglabs.utils.Scrolling.scrollToElement(Scrolling.java:15)
	at com.swaglabs.utils.ElementActions.findElement(ElementActions.java:40)
	at com.swaglabs.utils.Scrolling.scrollToElement(Scrolling.java:15)
	at com.swaglabs.utils.ElementActions.findElement(ElementActions.java:40)
	at com.swaglabs.utils.Scrolling.scrollToElement(Scrolling.java:15)
	at com.swaglabs.utils.ElementActions.findElement(ElementActions.java:40)
	at com.swaglabs.utils.Scrolling.scrollToElement(Scrolling.java:15)
	at com.swaglabs.utils.ElementActions.findElement(ElementActions.java:40)
	at com.swaglabs.utils.Scrolling.scrollToElement(Scrolling.java:15)
	at com.swaglabs.utils.ElementActions.findElement(ElementActions.java:40)
	at com.swaglabs.utils.Scrolling.scrollToElement(Scrolling.java:15)
	at com.swaglabs.utils.ElementActions.findElement(ElementActions.java:40)
	at com.swaglabs.utils.Scrolling.scrollToElement(Scrolling.java:15)
	at com.swaglabs.utils.ElementActions.findElement(ElementActions.java:40)
	at com.swaglabs.utils.Scrolling.scrollToElement(Scrolling.java:15)
	at com.swaglabs.utils.ElementActions.findElement(ElementActions.java:40)
	at com.swaglabs.utils.Scrolling.scrollToElement(Scrolling.java:15)
	at com.swaglabs.utils.ElementActions.findElement(ElementActions.java:40)
	at com.swaglabs.utils.Scrolling.scrollToElement(Scrolling.java:15)
	at com.swaglabs.utils.ElementActions.findElement(ElementActions.java:40)
	at com.swaglabs.utils.Scrolling.scrollToElement(Scrolling.java:15)
	at com.swaglabs.utils.ElementActions.findElement(ElementActions.java:40)
	at com.swaglabs.utils.Scrolling.scrollToElement(Scrolling.java:15)
	at com.swaglabs.utils.ElementActions.findElement(ElementActions.java:40)
	at com.swaglabs.utils.Scrolling.scrollToElement(Scrolling.java:15)
	at com.swaglabs.utils.ElementActions.findElement(ElementActions.java:40)
	at com.swaglabs.utils.Scrolling.scrollToElement(Scrolling.java:15)
	at com.swaglabs.utils.ElementActions.findElement(ElementActions.java:40)
	at com.swaglabs.utils.Scrolling.scrollToElement(Scrolling.java:15)
	at com.swaglabs.utils.ElementActions.findElement(ElementActions.java:40)
	at com.swaglabs.utils.Scrolling.scrollToElement(Scrolling.java:15)
	at com.swaglabs.utils.ElementActions.findElement(ElementActions.java:40)
	at com.swaglabs.utils.Scrolling.scrollToElement(Scrolling.java:15)
	at com.swaglabs.utils.ElementActions.findElement(ElementActions.java:40)
	at com.swaglabs.utils.Scrolling.scrollToElement(Scrolling.java:15)
	at com.swaglabs.utils.ElementActions.findElement(ElementActions.java:40)
	at com.swaglabs.utils.Scrolling.scrollToElement(Scrolling.java:15)
	at com.swaglabs.utils.ElementActions.findElement(ElementActions.java:40)
	at com.swaglabs.utils.Scrolling.scrollToElement(Scrolling.java:15)
	at com.swaglabs.utils.ElementActions.findElement(ElementActions.java:40)
	at com.swaglabs.utils.Scrolling.scrollToElement(Scrolling.java:15)
	at com.swaglabs.utils.ElementActions.findElement(ElementActions.java:40)
	at com.swaglabs.utils.Scrolling.scrollToElement(Scrolling.java:15)
	at com.swaglabs.utils.ElementActions.findElement(ElementActions.java:40)
	at com.swaglabs.utils.Scrolling.scrollToElement(Scrolling.java:15)
	at com.swaglabs.utils.ElementActions.findElement(ElementActions.java:40)
	at com.swaglabs.utils.Scrolling.scrollToElement(Scrolling.java:15)
	at com.swaglabs.utils.ElementActions.findElement(ElementActions.java:40)
	at com.swaglabs.utils.Scrolling.scrollToElement(Scrolling.java:15)
	at com.swaglabs.utils.ElementActions.findElement(ElementActions.java:40)
	at com.swaglabs.utils.Scrolling.scrollToElement(Scrolling.java:15)
	at com.swaglabs.utils.ElementActions.findElement(ElementActions.java:40)
	at com.swaglabs.utils.Scrolling.scrollToElement(Scrolling.java:15)
	at com.swaglabs.utils.ElementActions.findElement(ElementActions.java:40)
	at com.swaglabs.utils.Scrolling.scrollToElement(Scrolling.java:15)
	at com.swaglabs.utils.ElementActions.findElement(ElementActions.java:40)
	at com.swaglabs.utils.Scrolling.scrollToElement(Scrolling.java:15)
	at com.swaglabs.utils.ElementActions.findElement(ElementActions.java:40)
	at com.swaglabs.utils.Scrolling.scrollToElement(Scrolling.java:15)
	at com.swaglabs.utils.ElementActions.findElement(ElementActions.java:40)
	at com.swaglabs.utils.Scrolling.scrollToElement(Scrolling.java:15)
	at com.swaglabs.utils.ElementActions.findElement(ElementActions.java:40)
	at com.swaglabs.utils.Scrolling.scrollToElement(Scrolling.java:15)
	at com.swaglabs.utils.ElementActions.findElement(ElementActions.java:40)
	at com.swaglabs.utils.Scrolling.scrollToElement(Scrolling.java:15)
	at com.swaglabs.utils.ElementActions.findElement(ElementActions.java:40)
	at com.swaglabs.utils.Scrolling.scrollToElement(Scrolling.java:15)
	at com.swaglabs.utils.ElementActions.findElement(ElementActions.java:40)
	at com.swaglabs.utils.Scrolling.scrollToElement(Scrolling.java:15)
	at com.swaglabs.utils.ElementActions.findElement(ElementActions.java:40)
	at com.swaglabs.utils.Scrolling.scrollToElement(Scrolling.java:15)
	at com.swaglabs.utils.ElementActions.findElement(ElementActions.java:40)
	at com.swaglabs.utils.Scrolling.scrollToElement(Scrolling.java:15)
	at com.swaglabs.utils.ElementActions.findElement(ElementActions.java:40)
	at com.swaglabs.utils.Scrolling.scrollToElement(Scrolling.java:15)
	at com.swaglabs.utils.ElementActions.findElement(ElementActions.java:40)
	at com.swaglabs.utils.Scrolling.scrollToElement(Scrolling.java:15)
	at com.swaglabs.utils.ElementActions.findElement(ElementActions.java:40)
	at com.swaglabs.utils.Scrolling.scrollToElement(Scrolling.java:15)
	at com.swaglabs.utils.ElementActions.findElement(ElementActions.java:40)
	at com.swaglabs.utils.Scrolling.scrollToElement(Scrolling.java:15)
	at com.swaglabs.utils.ElementActions.findElement(ElementActions.java:40)
	at com.swaglabs.utils.Scrolling.scrollToElement(Scrolling.java:15)
	at com.swaglabs.utils.ElementActions.findElement(ElementActions.java:40)
	at com.swaglabs.utils.Scrolling.scrollToElement(Scrolling.java:15)
	at com.swaglabs.utils.ElementActions.findElement(ElementActions.java:40)
	at com.swaglabs.utils.Scrolling.scrollToElement(Scrolling.java:15)
	at com.swaglabs.utils.ElementActions.findElement(ElementActions.java:40)
	at com.swaglabs.utils.Scrolling.scrollToElement(Scrolling.java:15)
	at com.swaglabs.utils.ElementActions.findElement(ElementActions.java:40)
	at com.swaglabs.utils.Scrolling.scrollToElement(Scrolling.java:15)
	at com.swaglabs.utils.ElementActions.findElement(ElementActions.java:40)
	at com.swaglabs.utils.Scrolling.scrollToElement(Scrolling.java:15)
	at com.swaglabs.utils.ElementActions.findElement(ElementActions.java:40)
	at com.swaglabs.utils.Scrolling.scrollToElement(Scrolling.java:15)
	at com.swaglabs.utils.ElementActions.findElement(ElementActions.java:40)
	at com.swaglabs.utils.Scrolling.scrollToElement(Scrolling.java:15)
	at com.swaglabs.utils.ElementActions.findElement(ElementActions.java:40)
	at com.swaglabs.utils.Scrolling.scrollToElement(Scrolling.java:15)
	at com.swaglabs.utils.ElementActions.findElement(ElementActions.java:40)
	at com.swaglabs.utils.Scrolling.scrollToElement(Scrolling.java:15)
	at com.swaglabs.utils.ElementActions.findElement(ElementActions.java:40)
	at com.swaglabs.utils.Scrolling.scrollToElement(Scrolling.java:15)
	at com.swaglabs.utils.ElementActions.findElement(ElementActions.java:40)
	at com.swaglabs.utils.Scrolling.scrollToElement(Scrolling.java:15)
	at com.swaglabs.utils.ElementActions.findElement(ElementActions.java:40)
	at com.swaglabs.utils.Scrolling.scrollToElement(Scrolling.java:15)
	at com.swaglabs.utils.ElementActions.findElement(ElementActions.java:40)
	at com.swaglabs.utils.Scrolling.scrollToElement(Scrolling.java:15)
	at com.swaglabs.utils.ElementActions.findElement(ElementActions.java:40)
	at com.swaglabs.utils.Scrolling.scrollToElement(Scrolling.java:15)
	at com.swaglabs.utils.ElementActions.findElement(ElementActions.java:40)
	at com.swaglabs.utils.Scrolling.scrollToElement(Scrolling.java:15)
	at com.swaglabs.utils.ElementActions.findElement(ElementActions.java:40)
	at com.swaglabs.utils.Scrolling.scrollToElement(Scrolling.java:15)
	at com.swaglabs.utils.ElementActions.findElement(ElementActions.java:40)
	at com.swaglabs.utils.Scrolling.scrollToElement(Scrolling.java:15)
	at com.swaglabs.utils.ElementActions.findElement(ElementActions.java:40)
	at com.swaglabs.utils.Scrolling.scrollToElement(Scrolling.java:15)
	at com.swaglabs.utils.ElementActions.findElement(ElementActions.java:40)
	at com.swaglabs.utils.Scrolling.scrollToElement(Scrolling.java:15)
	at com.swaglabs.utils.ElementActions.findElement(ElementActions.java:40)
	at com.swaglabs.utils.Scrolling.scrollToElement(Scrolling.java:15)
	at com.swaglabs.utils.ElementActions.findElement(ElementActions.java:40)
	at com.swaglabs.utils.Scrolling.scrollToElement(Scrolling.java:15)
	at com.swaglabs.utils.ElementActions.findElement(ElementActions.java:40)
	at com.swaglabs.utils.Scrolling.scrollToElement(Scrolling.java:15)
	at com.swaglabs.utils.ElementActions.findElement(ElementActions.java:40)
	at com.swaglabs.utils.Scrolling.scrollToElement(Scrolling.java:15)
	at com.swaglabs.utils.ElementActions.findElement(ElementActions.java:40)
	at com.swaglabs.utils.Scrolling.scrollToElement(Scrolling.java:15)
	at com.swaglabs.utils.ElementActions.findElement(ElementActions.java:40)
	at com.swaglabs.utils.Scrolling.scrollToElement(Scrolling.java:15)
	at com.swaglabs.utils.ElementActions.findElement(ElementActions.java:40)
	at com.swaglabs.utils.Scrolling.scrollToElement(Scrolling.java:15)
	at com.swaglabs.utils.ElementActions.findElement(ElementActions.java:40)
	at com.swaglabs.utils.Scrolling.scrollToElement(Scrolling.java:15)
	at com.swaglabs.utils.ElementActions.findElement(ElementActions.java:40)
	at com.swaglabs.utils.Scrolling.scrollToElement(Scrolling.java:15)
	at com.swaglabs.utils.ElementActions.findElement(ElementActions.java:40)
	at com.swaglabs.utils.Scrolling.scrollToElement(Scrolling.java:15)
	at com.swaglabs.utils.ElementActions.findElement(ElementActions.java:40)
	at com.swaglabs.utils.Scrolling.scrollToElement(Scrolling.java:15)
	at com.swaglabs.utils.ElementActions.findElement(ElementActions.java:40)
	at com.swaglabs.utils.Scrolling.scrollToElement(Scrolling.java:15)
	at com.swaglabs.utils.ElementActions.findElement(ElementActions.java:40)
	at com.swaglabs.utils.Scrolling.scrollToElement(Scrolling.java:15)
	at com.swaglabs.utils.ElementActions.findElement(ElementActions.java:40)
	at com.swaglabs.utils.Scrolling.scrollToElement(Scrolling.java:15)
	at com.swaglabs.utils.ElementActions.findElement(ElementActions.java:40)
	at com.swaglabs.utils.Scrolling.scrollToElement(Scrolling.java:15)
	at com.swaglabs.utils.ElementActions.findElement(ElementActions.java:40)
	at com.swaglabs.utils.Scrolling.scrollToElement(Scrolling.java:15)
	at com.swaglabs.utils.ElementActions.findElement(ElementActions.java:40)
	at com.swaglabs.utils.Scrolling.scrollToElement(Scrolling.java:15)
	at com.swaglabs.utils.ElementActions.findElement(ElementActions.java:40)
	at com.swaglabs.utils.Scrolling.scrollToElement(Scrolling.java:15)
	at com.swaglabs.utils.ElementActions.findElement(ElementActions.java:40)
	at com.swaglabs.utils.Scrolling.scrollToElement(Scrolling.java:15)
	at com.swaglabs.utils.ElementActions.findElement(ElementActions.java:40)
	at com.swaglabs.utils.Scrolling.scrollToElement(Scrolling.java:15)
	at com.swaglabs.utils.ElementActions.findElement(ElementActions.java:40)
	at com.swaglabs.utils.Scrolling.scrollToElement(Scrolling.java:15)
	at com.swaglabs.utils.ElementActions.findElement(ElementActions.java:40)
	at com.swaglabs.utils.Scrolling.scrollToElement(Scrolling.java:15)
	at com.swaglabs.utils.ElementActions.findElement(ElementActions.java:40)
	at com.swaglabs.utils.Scrolling.scrollToElement(Scrolling.java:15)
	at com.swaglabs.utils.ElementActions.findElement(ElementActions.java:40)
	at com.swaglabs.utils.Scrolling.scrollToElement(Scrolling.java:15)
	at com.swaglabs.utils.ElementActions.findElement(ElementActions.java:40)
	at com.swaglabs.utils.Scrolling.scrollToElement(Scrolling.java:15)
	at com.swaglabs.utils.ElementActions.findElement(ElementActions.java:40)
	at com.swaglabs.utils.Scrolling.scrollToElement(Scrolling.java:15)
	at com.swaglabs.utils.ElementActions.findElement(ElementActions.java:40)
	at com.swaglabs.utils.Scrolling.scrollToElement(Scrolling.java:15)
	at com.swaglabs.utils.ElementActions.findElement(ElementActions.java:40)
	at com.swaglabs.utils.Scrolling.scrollToElement(Scrolling.java:15)
	at com.swaglabs.utils.ElementActions.findElement(ElementActions.java:40)
	at com.swaglabs.utils.Scrolling.scrollToElement(Scrolling.java:15)
	at com.swaglabs.utils.ElementActions.findElement(ElementActions.java:40)
	at com.swaglabs.utils.Scrolling.scrollToElement(Scrolling.java:15)
	at com.swaglabs.utils.ElementActions.findElement(ElementActions.java:40)
	at com.swaglabs.utils.Scrolling.scrollToElement(Scrolling.java:15)
	at com.swaglabs.utils.ElementActions.findElement(ElementActions.java:40)
	at com.swaglabs.utils.Scrolling.scrollToElement(Scrolling.java:15)
	at com.swaglabs.utils.ElementActions.findElement(ElementActions.java:40)
	at com.swaglabs.utils.Scrolling.scrollToElement(Scrolling.java:15)
	at com.swaglabs.utils.ElementActions.findElement(ElementActions.java:40)
	at com.swaglabs.utils.Scrolling.scrollToElement(Scrolling.java:15)
	at com.swaglabs.utils.ElementActions.findElement(ElementActions.java:40)
	at com.swaglabs.utils.Scrolling.scrollToElement(Scrolling.java:15)
	at com.swaglabs.utils.ElementActions.findElement(ElementActions.java:40)
	at com.swaglabs.utils.Scrolling.scrollToElement(Scrolling.java:15)
	at com.swaglabs.utils.ElementActions.findElement(ElementActions.java:40)
	at com.swaglabs.utils.Scrolling.scrollToElement(Scrolling.java:15)
	at com.swaglabs.utils.ElementActions.findElement(ElementActions.java:40)
	at com.swaglabs.utils.Scrolling.scrollToElement(Scrolling.java:15)
	at com.swaglabs.utils.ElementActions.findElement(ElementActions.java:40)
	at com.swaglabs.utils.Scrolling.scrollToElement(Scrolling.java:15)
	at com.swaglabs.utils.ElementActions.findElement(ElementActions.java:40)
	at com.swaglabs.utils.Scrolling.scrollToElement(Scrolling.java:15)
	at com.swaglabs.utils.ElementActions.findElement(ElementActions.java:40)
	at com.swaglabs.utils.Scrolling.scrollToElement(Scrolling.java:15)
	at com.swaglabs.utils.ElementActions.findElement(ElementActions.java:40)
	at com.swaglabs.utils.Scrolling.scrollToElement(Scrolling.java:15)
	at com.swaglabs.utils.ElementActions.findElement(ElementActions.java:40)
	at com.swaglabs.utils.Scrolling.scrollToElement(Scrolling.java:15)
	at com.swaglabs.utils.ElementActions.findElement(ElementActions.java:40)
	at com.swaglabs.utils.Scrolling.scrollToElement(Scrolling.java:15)
	at com.swaglabs.utils.ElementActions.findElement(ElementActions.java:40)
	at com.swaglabs.utils.Scrolling.scrollToElement(Scrolling.java:15)
	at com.swaglabs.utils.ElementActions.findElement(ElementActions.java:40)
	at com.swaglabs.utils.Scrolling.scrollToElement(Scrolling.java:15)
	at com.swaglabs.utils.ElementActions.findElement(ElementActions.java:40)
	at com.swaglabs.utils.Scrolling.scrollToElement(Scrolling.java:15)
	at com.swaglabs.utils.ElementActions.findElement(ElementActions.java:40)
	at com.swaglabs.utils.Scrolling.scrollToElement(Scrolling.java:15)
	at com.swaglabs.utils.ElementActions.findElement(ElementActions.java:40)
	at com.swaglabs.utils.Scrolling.scrollToElement(Scrolling.java:15)
	at com.swaglabs.utils.ElementActions.findElement(ElementActions.java:40)
	at com.swaglabs.utils.Scrolling.scrollToElement(Scrolling.java:15)
	at com.swaglabs.utils.ElementActions.findElement(ElementActions.java:40)
	at com.swaglabs.utils.Scrolling.scrollToElement(Scrolling.java:15)
	at com.swaglabs.utils.ElementActions.findElement(ElementActions.java:40)
	at com.swaglabs.utils.Scrolling.scrollToElement(Scrolling.java:15)
	at com.swaglabs.utils.ElementActions.findElement(ElementActions.java:40)
	at com.swaglabs.utils.Scrolling.scrollToElement(Scrolling.java:15)
	at com.swaglabs.utils.ElementActions.findElement(ElementActions.java:40)
	at com.swaglabs.utils.Scrolling.scrollToElement(Scrolling.java:15)
	at com.swaglabs.utils.ElementActions.findElement(ElementActions.java:40)
	at com.swaglabs.utils.Scrolling.scrollToElement(Scrolling.java:15)
	at com.swaglabs.utils.ElementActions.findElement(ElementActions.java:40)
	at com.swaglabs.utils.Scrolling.scrollToElement(Scrolling.java:15)
	at com.swaglabs.utils.ElementActions.findElement(ElementActions.java:40)
	at com.swaglabs.utils.Scrolling.scrollToElement(Scrolling.java:15)
	at com.swaglabs.utils.ElementActions.findElement(ElementActions.java:40)
	at com.swaglabs.utils.Scrolling.scrollToElement(Scrolling.java:15)
	at com.swaglabs.utils.ElementActions.findElement(ElementActions.java:40)
	at com.swaglabs.utils.Scrolling.scrollToElement(Scrolling.java:15)
	at com.swaglabs.utils.ElementActions.findElement(ElementActions.java:40)
	at com.swaglabs.utils.Scrolling.scrollToElement(Scrolling.java:15)
	at com.swaglabs.utils.ElementActions.findElement(ElementActions.java:40)
	at com.swaglabs.utils.Scrolling.scrollToElement(Scrolling.java:15)
	at com.swaglabs.utils.ElementActions.findElement(ElementActions.java:40)
	at com.swaglabs.utils.Scrolling.scrollToElement(Scrolling.java:15)
	at com.swaglabs.utils.ElementActions.findElement(ElementActions.java:40)
	at com.swaglabs.utils.Scrolling.scrollToElement(Scrolling.java:15)
	at com.swaglabs.utils.ElementActions.findElement(ElementActions.java:40)
	at com.swaglabs.utils.Scrolling.scrollToElement(Scrolling.java:15)
	at com.swaglabs.utils.ElementActions.findElement(ElementActions.java:40)
	at com.swaglabs.utils.Scrolling.scrollToElement(Scrolling.java:15)
	at com.swaglabs.utils.ElementActions.findElement(ElementActions.java:40)
	at com.swaglabs.utils.Scrolling.scrollToElement(Scrolling.java:15)
	at com.swaglabs.utils.ElementActions.findElement(ElementActions.java:40)
	at com.swaglabs.utils.Scrolling.scrollToElement(Scrolling.java:15)
	at com.swaglabs.utils.ElementActions.findElement(ElementActions.java:40)
	at com.swaglabs.utils.Scrolling.scrollToElement(Scrolling.java:15)
	at com.swaglabs.utils.ElementActions.findElement(ElementActions.java:40)
	at com.swaglabs.utils.Scrolling.scrollToElement(Scrolling.java:15)
	at com.swaglabs.utils.ElementActions.findElement(ElementActions.java:40)
	at com.swaglabs.utils.Scrolling.scrollToElement(Scrolling.java:15)
	at com.swaglabs.utils.ElementActions.findElement(ElementActions.java:40)
	at com.swaglabs.utils.Scrolling.scrollToElement(Scrolling.java:15)
	at com.swaglabs.utils.ElementActions.findElement(ElementActions.java:40)
	at com.swaglabs.utils.Scrolling.scrollToElement(Scrolling.java:15)
	at com.swaglabs.utils.ElementActions.findElement(ElementActions.java:40)
	at com.swaglabs.utils.Scrolling.scrollToElement(Scrolling.java:15)
	at com.swaglabs.utils.ElementActions.findElement(ElementActions.java:40)
	at com.swaglabs.utils.Scrolling.scrollToElement(Scrolling.java:15)
	at com.swaglabs.utils.ElementActions.findElement(ElementActions.java:40)
	at com.swaglabs.utils.Scrolling.scrollToElement(Scrolling.java:15)
	at com.swaglabs.utils.ElementActions.findElement(ElementActions.java:40)
	at com.swaglabs.utils.Scrolling.scrollToElement(Scrolling.java:15)
	at com.swaglabs.utils.ElementActions.findElement(ElementActions.java:40)
	at com.swaglabs.utils.Scrolling.scrollToElement(Scrolling.java:15)
	at com.swaglabs.utils.ElementActions.findElement(ElementActions.java:40)
	at com.swaglabs.utils.Scrolling.scrollToElement(Scrolling.java:15)
	at com.swaglabs.utils.ElementActions.findElement(ElementActions.java:40)
	at com.swaglabs.utils.Scrolling.scrollToElement(Scrolling.java:15)
	at com.swaglabs.utils.ElementActions.findElement(ElementActions.java:40)
	at com.swaglabs.utils.Scrolling.scrollToElement(Scrolling.java:15)
	at com.swaglabs.utils.ElementActions.findElement(ElementActions.java:40)
	at com.swaglabs.utils.Scrolling.scrollToElement(Scrolling.java:15)
	at com.swaglabs.utils.ElementActions.findElement(ElementActions.java:40)
	at com.swaglabs.utils.Scrolling.scrollToElement(Scrolling.java:15)
	at com.swaglabs.utils.ElementActions.findElement(ElementActions.java:40)
	at com.swaglabs.utils.Scrolling.scrollToElement(Scrolling.java:15)
	at com.swaglabs.utils.ElementActions.findElement(ElementActions.java:40)
	at com.swaglabs.utils.Scrolling.scrollToElement(Scrolling.java:15)
	at com.swaglabs.utils.ElementActions.findElement(ElementActions.java:40)
	at com.swaglabs.utils.Scrolling.scrollToElement(Scrolling.java:15)
	at com.swaglabs.utils.ElementActions.findElement(ElementActions.java:40)
	at com.swaglabs.utils.Scrolling.scrollToElement(Scrolling.java:15)
	at com.swaglabs.utils.ElementActions.findElement(ElementActions.java:40)
	at com.swaglabs.utils.Scrolling.scrollToElement(Scrolling.java:15)
	at com.swaglabs.utils.ElementActions.findElement(ElementActions.java:40)
	at com.swaglabs.utils.Scrolling.scrollToElement(Scrolling.java:15)
	at com.swaglabs.utils.ElementActions.findElement(ElementActions.java:40)
	at com.swaglabs.utils.Scrolling.scrollToElement(Scrolling.java:15)
	at com.swaglabs.utils.ElementActions.findElement(ElementActions.java:40)
	at com.swaglabs.utils.Scrolling.scrollToElement(Scrolling.java:15)
	at com.swaglabs.utils.ElementActions.findElement(ElementActions.java:40)
	at com.swaglabs.utils.Scrolling.scrollToElement(Scrolling.java:15)
	at com.swaglabs.utils.ElementActions.findElement(ElementActions.java:40)
	at com.swaglabs.utils.Scrolling.scrollToElement(Scrolling.java:15)
	at com.swaglabs.utils.ElementActions.findElement(ElementActions.java:40)
	at com.swaglabs.utils.Scrolling.scrollToElement(Scrolling.java:15)
	at com.swaglabs.utils.ElementActions.findElement(ElementActions.java:40)
	at com.swaglabs.utils.Scrolling.scrollToElement(Scrolling.java:15)
	at com.swaglabs.utils.ElementActions.findElement(ElementActions.java:40)
	at com.swaglabs.utils.Scrolling.scrollToElement(Scrolling.java:15)
	at com.swaglabs.utils.ElementActions.findElement(ElementActions.java:40)
	at com.swaglabs.utils.Scrolling.scrollToElement(Scrolling.java:15)
	at com.swaglabs.utils.ElementActions.findElement(ElementActions.java:40)
	at com.swaglabs.utils.Scrolling.scrollToElement(Scrolling.java:15)
	at com.swaglabs.utils.ElementActions.findElement(ElementActions.java:40)
	at com.swaglabs.utils.Scrolling.scrollToElement(Scrolling.java:15)
	at com.swaglabs.utils.ElementActions.findElement(ElementActions.java:40)
	at com.swaglabs.utils.Scrolling.scrollToElement(Scrolling.java:15)
	at com.swaglabs.utils.ElementActions.findElement(ElementActions.java:40)
	at com.swaglabs.utils.Scrolling.scrollToElement(Scrolling.java:15)
	at com.swaglabs.utils.ElementActions.findElement(ElementActions.java:40)
	at com.swaglabs.utils.Scrolling.scrollToElement(Scrolling.java:15)
	at com.swaglabs.utils.ElementActions.findElement(ElementActions.java:40)
	at com.swaglabs.utils.Scrolling.scrollToElement(Scrolling.java:15)
	at com.swaglabs.utils.ElementActions.findElement(ElementActions.java:40)
	at com.swaglabs.utils.Scrolling.scrollToElement(Scrolling.java:15)
	at com.swaglabs.utils.ElementActions.findElement(ElementActions.java:40)
	at com.swaglabs.utils.Scrolling.scrollToElement(Scrolling.java:15)
	at com.swaglabs.utils.ElementActions.findElement(ElementActions.java:40)
	at com.swaglabs.utils.Scrolling.scrollToElement(Scrolling.java:15)
	at com.swaglabs.utils.ElementActions.findElement(ElementActions.java:40)
	at com.swaglabs.utils.Scrolling.scrollToElement(Scrolling.java:15)
	at com.swaglabs.utils.ElementActions.findElement(ElementActions.java:40)
	at com.swaglabs.utils.Scrolling.scrollToElement(Scrolling.java:15)
	at com.swaglabs.utils.ElementActions.findElement(ElementActions.java:40)
	at com.swaglabs.utils.Scrolling.scrollToElement(Scrolling.java:15)
	at com.swaglabs.utils.ElementActions.findElement(ElementActions.java:40)
	at com.swaglabs.utils.Scrolling.scrollToElement(Scrolling.java:15)
	at com.swaglabs.utils.ElementActions.findElement(ElementActions.java:40)
	at com.swaglabs.utils.Scrolling.scrollToElement(Scrolling.java:15)
	at com.swaglabs.utils.ElementActions.findElement(ElementActions.java:40)
	at com.swaglabs.utils.Scrolling.scrollToElement(Scrolling.java:15)
	at com.swaglabs.utils.ElementActions.findElement(ElementActions.java:40)
	at com.swaglabs.utils.Scrolling.scrollToElement(Scrolling.java:15)
	at com.swaglabs.utils.ElementActions.findElement(ElementActions.java:40)
	at com.swaglabs.utils.Scrolling.scrollToElement(Scrolling.java:15)
	at com.swaglabs.utils.ElementActions.findElement(ElementActions.java:40)
	at com.swaglabs.utils.Scrolling.scrollToElement(Scrolling.java:15)
	at com.swaglabs.utils.ElementActions.findElement(ElementActions.java:40)
	at com.swaglabs.utils.Scrolling.scrollToElement(Scrolling.java:15)
	at com.swaglabs.utils.ElementActions.findElement(ElementActions.java:40)
	at com.swaglabs.utils.Scrolling.scrollToElement(Scrolling.java:15)
	at com.swaglabs.utils.ElementActions.findElement(ElementActions.java:40)
	at com.swaglabs.utils.Scrolling.scrollToElement(Scrolling.java:15)
	at com.swaglabs.utils.ElementActions.findElement(ElementActions.java:40)
	at com.swaglabs.utils.Scrolling.scrollToElement(Scrolling.java:15)
	at com.swaglabs.utils.ElementActions.findElement(ElementActions.java:40)
	at com.swaglabs.utils.Scrolling.scrollToElement(Scrolling.java:15)
	at com.swaglabs.utils.ElementActions.findElement(ElementActions.java:40)
	at com.swaglabs.utils.Scrolling.scrollToElement(Scrolling.java:15)
	at com.swaglabs.utils.ElementActions.findElement(ElementActions.java:40)
	at com.swaglabs.utils.Scrolling.scrollToElement(Scrolling.java:15)
	at com.swaglabs.utils.ElementActions.findElement(ElementActions.java:40)
	at com.swaglabs.utils.Scrolling.scrollToElement(Scrolling.java:15)
	at com.swaglabs.utils.ElementActions.findElement(ElementActions.java:40)
	at com.swaglabs.utils.Scrolling.scrollToElement(Scrolling.java:15)
	at com.swaglabs.utils.ElementActions.findElement(ElementActions.java:40)
	at com.swaglabs.utils.Scrolling.scrollToElement(Scrolling.java:15)
	at com.swaglabs.utils.ElementActions.findElement(ElementActions.java:40)
	at com.swaglabs.utils.Scrolling.scrollToElement(Scrolling.java:15)
	at com.swaglabs.utils.ElementActions.findElement(ElementActions.java:40)
	at com.swaglabs.utils.Scrolling.scrollToElement(Scrolling.java:15)
	at com.swaglabs.utils.ElementActions.findElement(ElementActions.java:40)
	at com.swaglabs.utils.Scrolling.scrollToElement(Scrolling.java:15)
	at com.swaglabs.utils.ElementActions.findElement(ElementActions.java:40)
	at com.swaglabs.utils.Scrolling.scrollToElement(Scrolling.java:15)
	at com.swaglabs.utils.ElementActions.findElement(ElementActions.java:40)
	at com.swaglabs.utils.Scrolling.scrollToElement(Scrolling.java:15)
	at com.swaglabs.utils.ElementActions.findElement(ElementActions.java:40)
	at com.swaglabs.utils.Scrolling.scrollToElement(Scrolling.java:15)
	at com.swaglabs.utils.ElementActions.findElement(ElementActions.java:40)
	at com.swaglabs.utils.Scrolling.scrollToElement(Scrolling.java:15)
	at com.swaglabs.utils.ElementActions.findElement(ElementActions.java:40)
	at com.swaglabs.utils.Scrolling.scrollToElement(Scrolling.java:15)
	at com.swaglabs.utils.ElementActions.findElement(ElementActions.java:40)
	at com.swaglabs.utils.Scrolling.scrollToElement(Scrolling.java:15)
	at com.swaglabs.utils.ElementActions.findElement(ElementActions.java:40)
	at com.swaglabs.utils.Scrolling.scrollToElement(Scrolling.java:15)
	at com.swaglabs.utils.ElementActions.findElement(ElementActions.java:40)
	at com.swaglabs.utils.Scrolling.scrollToElement(Scrolling.java:15)
	at com.swaglabs.utils.ElementActions.findElement(ElementActions.java:40)
	at com.swaglabs.utils.Scrolling.scrollToElement(Scrolling.java:15)
	at com.swaglabs.utils.ElementActions.findElement(ElementActions.java:40)
	at com.swaglabs.utils.Scrolling.scrollToElement(Scrolling.java:15)
	at com.swaglabs.utils.ElementActions.findElement(ElementActions.java:40)
	at com.swaglabs.utils.Scrolling.scrollToElement(Scrolling.java:15)
	at com.swaglabs.utils.ElementActions.findElement(ElementActions.java:40)
	at com.swaglabs.utils.Scrolling.scrollToElement(Scrolling.java:15)
	at com.swaglabs.utils.ElementActions.findElement(ElementActions.java:40)
	at com.swaglabs.utils.Scrolling.scrollToElement(Scrolling.java:15)
	at com.swaglabs.utils.ElementActions.findElement(ElementActions.java:40)
	at com.swaglabs.utils.Scrolling.scrollToElement(Scrolling.java:15)
	at com.swaglabs.utils.ElementActions.findElement(ElementActions.java:40)
	at com.swaglabs.utils.Scrolling.scrollToElement(Scrolling.java:15)
	at com.swaglabs.utils.ElementActions.findElement(ElementActions.java:40)
	at com.swaglabs.utils.Scrolling.scrollToElement(Scrolling.java:15)
	at com.swaglabs.utils.ElementActions.findElement(ElementActions.java:40)
	at com.swaglabs.utils.Scrolling.scrollToElement(Scrolling.java:15)
	at com.swaglabs.utils.ElementActions.findElement(ElementActions.java:40)
	at com.swaglabs.utils.Scrolling.scrollToElement(Scrolling.java:15)
	at com.swaglabs.utils.ElementActions.findElement(ElementActions.java:40)
	at com.swaglabs.utils.Scrolling.scrollToElement(Scrolling.java:15)
	at com.swaglabs.utils.ElementActions.findElement(ElementActions.java:40)
	at com.swaglabs.utils.Scrolling.scrollToElement(Scrolling.java:15)
	at com.swaglabs.utils.ElementActions.findElement(ElementActions.java:40)
	at com.swaglabs.utils.Scrolling.scrollToElement(Scrolling.java:15)
	at com.swaglabs.utils.ElementActions.findElement(ElementActions.java:40)
	at com.swaglabs.utils.Scrolling.scrollToElement(Scrolling.java:15)
	at com.swaglabs.utils.ElementActions.findElement(ElementActions.java:40)
	at com.swaglabs.utils.Scrolling.scrollToElement(Scrolling.java:15)
	at com.swaglabs.utils.ElementActions.findElement(ElementActions.java:40)
	at com.swaglabs.utils.Scrolling.scrollToElement(Scrolling.java:15)
	at com.swaglabs.utils.ElementActions.findElement(ElementActions.java:40)
	at com.swaglabs.utils.Scrolling.scrollToElement(Scrolling.java:15)
	at com.swaglabs.utils.ElementActions.findElement(ElementActions.java:40)
	at com.swaglabs.utils.Scrolling.scrollToElement(Scrolling.java:15)
	at com.swaglabs.utils.ElementActions.findElement(ElementActions.java:40)
	at com.swaglabs.utils.Scrolling.scrollToElement(Scrolling.java:15)
	at com.swaglabs.utils.ElementActions.findElement(ElementActions.java:40)
	at com.swaglabs.utils.Scrolling.scrollToElement(Scrolling.java:15)
	at com.swaglabs.utils.ElementActions.findElement(ElementActions.java:40)
	at com.swaglabs.utils.Scrolling.scrollToElement(Scrolling.java:15)
	at com.swaglabs.utils.ElementActions.findElement(ElementActions.java:40)
	at com.swaglabs.utils.Scrolling.scrollToElement(Scrolling.java:15)
	at com.swaglabs.utils.ElementActions.findElement(ElementActions.java:40)
	at com.swaglabs.utils.Scrolling.scrollToElement(Scrolling.java:15)
	at com.swaglabs.utils.ElementActions.findElement(ElementActions.java:40)
	at com.swaglabs.utils.Scrolling.scrollToElement(Scrolling.java:15)
	at com.swaglabs.utils.ElementActions.findElement(ElementActions.java:40)
	at com.swaglabs.utils.Scrolling.scrollToElement(Scrolling.java:15)
	at com.swaglabs.utils.ElementActions.findElement(ElementActions.java:40)
	at com.swaglabs.utils.Scrolling.scrollToElement(Scrolling.java:15)
	at com.swaglabs.utils.ElementActions.findElement(ElementActions.java:40)
	at com.swaglabs.utils.Scrolling.scrollToElement(Scrolling.java:15)
	at com.swaglabs.utils.ElementActions.findElement(ElementActions.java:40)
	at com.swaglabs.utils.Scrolling.scrollToElement(Scrolling.java:15)
	at com.swaglabs.utils.ElementActions.findElement(ElementActions.java:40)
	at com.swaglabs.utils.Scrolling.scrollToElement(Scrolling.java:15)
	at com.swaglabs.utils.ElementActions.findElement(ElementActions.java:40)
	at com.swaglabs.utils.Scrolling.scrollToElement(Scrolling.java:15)
	at com.swaglabs.utils.ElementActions.findElement(ElementActions.java:40)
	at com.swaglabs.utils.Scrolling.scrollToElement(Scrolling.java:15)
	at com.swaglabs.utils.ElementActions.findElement(ElementActions.java:40)
	at com.swaglabs.utils.Scrolling.scrollToElement(Scrolling.java:15)
	at com.swaglabs.utils.ElementActions.findElement(ElementActions.java:40)
	at com.swaglabs.utils.Scrolling.scrollToElement(Scrolling.java:15)
	at com.swaglabs.utils.ElementActions.findElement(ElementActions.java:40)
	at com.swaglabs.utils.Scrolling.scrollToElement(Scrolling.java:15)
	at com.swaglabs.utils.ElementActions.findElement(ElementActions.java:40)
	at com.swaglabs.utils.Scrolling.scrollToElement(Scrolling.java:15)
	at com.swaglabs.utils.ElementActions.findElement(ElementActions.java:40)
	at com.swaglabs.utils.Scrolling.scrollToElement(Scrolling.java:15)
	at com.swaglabs.utils.ElementActions.findElement(ElementActions.java:40)
	at com.swaglabs.utils.Scrolling.scrollToElement(Scrolling.java:15)
	at com.swaglabs.utils.ElementActions.findElement(ElementActions.java:40)
	at com.swaglabs.utils.Scrolling.scrollToElement(Scrolling.java:15)
	at com.swaglabs.utils.ElementActions.findElement(ElementActions.java:40)
	at com.swaglabs.utils.Scrolling.scrollToElement(Scrolling.java:15)
	at com.swaglabs.utils.ElementActions.findElement(ElementActions.java:40)
	at com.swaglabs.utils.Scrolling.scrollToElement(Scrolling.java:15)
	at com.swaglabs.utils.ElementActions.findElement(ElementActions.java:40)
	at com.swaglabs.utils.Scrolling.scrollToElement(Scrolling.java:15)
	at com.swaglabs.utils.ElementActions.findElement(ElementActions.java:40)
	at com.swaglabs.utils.Scrolling.scrollToElement(Scrolling.java:15)
	at com.swaglabs.utils.ElementActions.findElement(ElementActions.java:40)
	at com.swaglabs.utils.Scrolling.scrollToElement(Scrolling.java:15)
	at com.swaglabs.utils.ElementActions.findElement(ElementActions.java:40)
	at com.swaglabs.utils.Scrolling.scrollToElement(Scrolling.java:15)
	at com.swaglabs.utils.ElementActions.findElement(ElementActions.java:40)
	at com.swaglabs.utils.Scrolling.scrollToElement(Scrolling.java:15)
	at com.swaglabs.utils.ElementActions.findElement(ElementActions.java:40)
	at com.swaglabs.utils.Scrolling.scrollToElement(Scrolling.java:15)
	at com.swaglabs.utils.ElementActions.findElement(ElementActions.java:40)
	at com.swaglabs.utils.Scrolling.scrollToElement(Scrolling.java:15)
	at com.swaglabs.utils.ElementActions.findElement(ElementActions.java:40)
	at com.swaglabs.utils.Scrolling.scrollToElement(Scrolling.java:15)
	at com.swaglabs.utils.ElementActions.findElement(ElementActions.java:40)
	at com.swaglabs.utils.Scrolling.scrollToElement(Scrolling.java:15)
	at com.swaglabs.utils.ElementActions.findElement(ElementActions.java:40)
	at com.swaglabs.utils.Scrolling.scrollToElement(Scrolling.java:15)
	at com.swaglabs.utils.ElementActions.findElement(ElementActions.java:40)
	at com.swaglabs.utils.Scrolling.scrollToElement(Scrolling.java:15)
	at com.swaglabs.utils.ElementActions.findElement(ElementActions.java:40)
	at com.swaglabs.utils.Scrolling.scrollToElement(Scrolling.java:15)
	at com.swaglabs.utils.ElementActions.findElement(ElementActions.java:40)
	at com.swaglabs.utils.Scrolling.scrollToElement(Scrolling.java:15)
	at com.swaglabs.utils.ElementActions.findElement(ElementActions.java:40)
	at com.swaglabs.utils.Scrolling.scrollToElement(Scrolling.java:15)
	at com.swaglabs.utils.ElementActions.findElement(ElementActions.java:40)
	at com.swaglabs.utils.Scrolling.scrollToElement(Scrolling.java:15)
	at com.swaglabs.utils.ElementActions.findElement(ElementActions.java:40)
	at com.swaglabs.utils.Scrolling.scrollToElement(Scrolling.java:15)
	at com.swaglabs.utils.ElementActions.findElement(ElementActions.java:40)
	at com.swaglabs.utils.Scrolling.scrollToElement(Scrolling.java:15)
	at com.swaglabs.utils.ElementActions.findElement(ElementActions.java:40)
	at com.swaglabs.utils.Scrolling.scrollToElement(Scrolling.java:15)
	at com.swaglabs.utils.ElementActions.findElement(ElementActions.java:40)
	at com.swaglabs.utils.Scrolling.scrollToElement(Scrolling.java:15)
	at com.swaglabs.utils.ElementActions.findElement(ElementActions.java:40)
	at com.swaglabs.utils.Scrolling.scrollToElement(Scrolling.java:15)
	at com.swaglabs.utils.ElementActions.findElement(ElementActions.java:40)
	at com.swaglabs.utils.Scrolling.scrollToElement(Scrolling.java:15)
	at com.swaglabs.utils.ElementActions.findElement(ElementActions.java:40)
	at com.swaglabs.utils.Scrolling.scrollToElement(Scrolling.java:15)
	at com.swaglabs.utils.ElementActions.findElement(ElementActions.java:40)
	at com.swaglabs.utils.Scrolling.scrollToElement(Scrolling.java:15)
	at com.swaglabs.utils.ElementActions.findElement(ElementActions.java:40)
	at com.swaglabs.utils.Scrolling.scrollToElement(Scrolling.java:15)
	at com.swaglabs.utils.ElementActions.findElement(ElementActions.java:40)
	at com.swaglabs.utils.Scrolling.scrollToElement(Scrolling.java:15)
	at com.swaglabs.utils.ElementActions.findElement(ElementActions.java:40)
	at com.swaglabs.utils.Scrolling.scrollToElement(Scrolling.java:15)
	at com.swaglabs.utils.ElementActions.findElement(ElementActions.java:40)
	at com.swaglabs.utils.Scrolling.scrollToElement(Scrolling.java:15)
	at com.swaglabs.utils.ElementActions.findElement(ElementActions.java:40)
	at com.swaglabs.utils.Scrolling.scrollToElement(Scrolling.java:15)
	at com.swaglabs.utils.ElementActions.findElement(ElementActions.java:40)
	at com.swaglabs.utils.Scrolling.scrollToElement(Scrolling.java:15)
	at com.swaglabs.utils.ElementActions.findElement(ElementActions.java:40)
	at com.swaglabs.utils.Scrolling.scrollToElement(Scrolling.java:15)
	at com.swaglabs.utils.ElementActions.findElement(ElementActions.java:40)
	at com.swaglabs.utils.Scrolling.scrollToElement(Scrolling.java:15)
	at com.swaglabs.utils.ElementActions.findElement(ElementActions.java:40)
	at com.swaglabs.utils.Scrolling.scrollToElement(Scrolling.java:15)
	at com.swaglabs.utils.ElementActions.findElement(ElementActions.java:40)
	at com.swaglabs.utils.Scrolling.scrollToElement(Scrolling.java:15)
	at com.swaglabs.utils.ElementActions.findElement(ElementActions.java:40)
	at com.swaglabs.utils.Scrolling.scrollToElement(Scrolling.java:15)
	at com.swaglabs.utils.ElementActions.findElement(ElementActions.java:40)
	at com.swaglabs.utils.Scrolling.scrollToElement(Scrolling.java:15)
	at com.swaglabs.utils.ElementActions.findElement(ElementActions.java:40)
	at com.swaglabs.utils.Scrolling.scrollToElement(Scrolling.java:15)
	at com.swaglabs.utils.ElementActions.findElement(ElementActions.java:40)
	at com.swaglabs.utils.Scrolling.scrollToElement(Scrolling.java:15)
	at com.swaglabs.utils.ElementActions.findElement(ElementActions.java:40)
	at com.swaglabs.utils.Scrolling.scrollToElement(Scrolling.java:15)
	at com.swaglabs.utils.ElementActions.findElement(ElementActions.java:40)
	at com.swaglabs.utils.Scrolling.scrollToElement(Scrolling.java:15)
	at com.swaglabs.utils.ElementActions.findElement(ElementActions.java:40)
	at com.swaglabs.utils.Scrolling.scrollToElement(Scrolling.java:15)
	at com.swaglabs.utils.ElementActions.findElement(ElementActions.java:40)
	at com.swaglabs.utils.Scrolling.scrollToElement(Scrolling.java:15)
	at com.swaglabs.utils.ElementActions.findElement(ElementActions.java:40)
	at com.swaglabs.utils.Scrolling.scrollToElement(Scrolling.java:15)
	at com.swaglabs.utils.ElementActions.findElement(ElementActions.java:40)
	at com.swaglabs.utils.Scrolling.scrollToElement(Scrolling.java:15)
	at com.swaglabs.utils.ElementActions.findElement(ElementActions.java:40)
	at com.swaglabs.utils.Scrolling.scrollToElement(Scrolling.java:15)
	at com.swaglabs.utils.ElementActions.findElement(ElementActions.java:40)
	at com.swaglabs.utils.Scrolling.scrollToElement(Scrolling.java:15)
	at com.swaglabs.utils.ElementActions.findElement(ElementActions.java:40)
	at com.swaglabs.utils.Scrolling.scrollToElement(Scrolling.java:15)
	at com.swaglabs.utils.ElementActions.findElement(ElementActions.java:40)
	at com.swaglabs.utils.Scrolling.scrollToElement(Scrolling.java:15)
	at com.swaglabs.utils.ElementActions.findElement(ElementActions.java:40)
	at com.swaglabs.utils.Scrolling.scrollToElement(Scrolling.java:15)
	at com.swaglabs.utils.ElementActions.findElement(ElementActions.java:40)
	at com.swaglabs.utils.Scrolling.scrollToElement(Scrolling.java:15)
	at com.swaglabs.utils.ElementActions.findElement(ElementActions.java:40)
	at com.swaglabs.utils.Scrolling.scrollToElement(Scrolling.java:15)
	at com.swaglabs.utils.ElementActions.findElement(ElementActions.java:40)
	at com.swaglabs.utils.Scrolling.scrollToElement(Scrolling.java:15)
	at com.swaglabs.utils.ElementActions.findElement(ElementActions.java:40)
	at com.swaglabs.utils.Scrolling.scrollToElement(Scrolling.java:15)
	at com.swaglabs.utils.ElementActions.findElement(ElementActions.java:40)
	at com.swaglabs.utils.Scrolling.scrollToElement(Scrolling.java:15)
	at com.swaglabs.utils.ElementActions.findElement(ElementActions.java:40)
	at com.swaglabs.utils.Scrolling.scrollToElement(Scrolling.java:15)
	at com.swaglabs.utils.ElementActions.findElement(ElementActions.java:40)
	at com.swaglabs.utils.Scrolling.scrollToElement(Scrolling.java:15)
	at com.swaglabs.utils.ElementActions.findElement(ElementActions.java:40)
	at com.swaglabs.utils.Scrolling.scrollToElement(Scrolling.java:15)
	at com.swaglabs.utils.ElementActions.findElement(ElementActions.java:40)
	at com.swaglabs.utils.Scrolling.scrollToElement(Scrolling.java:15)
	at com.swaglabs.utils.ElementActions.findElement(ElementActions.java:40)
	at com.swaglabs.utils.Scrolling.scrollToElement(Scrolling.java:15)
	at com.swaglabs.utils.ElementActions.findElement(ElementActions.java:40)
	at com.swaglabs.utils.Scrolling.scrollToElement(Scrolling.java:15)
	at com.swaglabs.utils.ElementActions.findElement(ElementActions.java:40)
	at com.swaglabs.utils.Scrolling.scrollToElement(Scrolling.java:15)
	at com.swaglabs.utils.ElementActions.findElement(ElementActions.java:40)
	at com.swaglabs.utils.Scrolling.scrollToElement(Scrolling.java:15)
	at com.swaglabs.utils.ElementActions.findElement(ElementActions.java:40)
	at com.swaglabs.utils.Scrolling.scrollToElement(Scrolling.java:15)
	at com.swaglabs.utils.ElementActions.findElement(ElementActions.java:40)
	at com.swaglabs.utils.Scrolling.scrollToElement(Scrolling.java:15)
	at com.swaglabs.utils.ElementActions.findElement(ElementActions.java:40)
	at com.swaglabs.utils.Scrolling.scrollToElement(Scrolling.java:15)
	at com.swaglabs.utils.ElementActions.findElement(ElementActions.java:40)
	at com.swaglabs.utils.Scrolling.scrollToElement(Scrolling.java:15)
	at com.swaglabs.utils.ElementActions.findElement(ElementActions.java:40)
	at com.swaglabs.utils.Scrolling.scrollToElement(Scrolling.java:15)
	at com.swaglabs.utils.ElementActions.findElement(ElementActions.java:40)
	at com.swaglabs.utils.Scrolling.scrollToElement(Scrolling.java:15)
	at com.swaglabs.utils.ElementActions.findElement(ElementActions.java:40)
	at com.swaglabs.utils.Scrolling.scrollToElement(Scrolling.java:15)
	at com.swaglabs.utils.ElementActions.findElement(ElementActions.java:40)
	at com.swaglabs.utils.Scrolling.scrollToElement(Scrolling.java:15)
	at com.swaglabs.utils.ElementActions.findElement(ElementActions.java:40)
	at com.swaglabs.utils.Scrolling.scrollToElement(Scrolling.java:15)
	at com.swaglabs.utils.ElementActions.findElement(ElementActions.java:40)
	at com.swaglabs.utils.Scrolling.scrollToElement(Scrolling.java:15)
	at com.swaglabs.utils.ElementActions.findElement(ElementActions.java:40)
	at com.swaglabs.utils.Scrolling.scrollToElement(Scrolling.java:15)
	at com.swaglabs.utils.ElementActions.findElement(ElementActions.java:40)
	at com.swaglabs.utils.Scrolling.scrollToElement(Scrolling.java:15)
	at com.swaglabs.utils.ElementActions.findElement(ElementActions.java:40)
	at com.swaglabs.utils.Scrolling.scrollToElement(Scrolling.java:15)
	at com.swaglabs.utils.ElementActions.findElement(ElementActions.java:40)
	at com.swaglabs.utils.Scrolling.scrollToElement(Scrolling.java:15)
	at com.swaglabs.utils.ElementActions.findElement(ElementActions.java:40)
	at com.swaglabs.utils.Scrolling.scrollToElement(Scrolling.java:15)
	at com.swaglabs.utils.ElementActions.findElement(ElementActions.java:40)
	at com.swaglabs.utils.Scrolling.scrollToElement(Scrolling.java:15)
	at com.swaglabs.utils.ElementActions.findElement(ElementActions.java:40)
	at com.swaglabs.utils.Scrolling.scrollToElement(Scrolling.java:15)
	at com.swaglabs.utils.ElementActions.findElement(ElementActions.java:40)
	at com.swaglabs.utils.Scrolling.scrollToElement(Scrolling.java:15)
	at com.swaglabs.utils.ElementActions.findElement(ElementActions.java:40)
	at com.swaglabs.utils.Scrolling.scrollToElement(Scrolling.java:15)
	at com.swaglabs.utils.ElementActions.findElement(ElementActions.java:40)
	at com.swaglabs.utils.Scrolling.scrollToElement(Scrolling.java:15)
	at com.swaglabs.utils.ElementActions.findElement(ElementActions.java:40)
	at com.swaglabs.utils.Scrolling.scrollToElement(Scrolling.java:15)
	at com.swaglabs.utils.ElementActions.findElement(ElementActions.java:40)
	at com.swaglabs.utils.Scrolling.scrollToElement(Scrolling.java:15)
	at com.swaglabs.utils.ElementActions.findElement(ElementActions.java:40)
	at com.swaglabs.utils.Scrolling.scrollToElement(Scrolling.java:15)
	at com.swaglabs.utils.ElementActions.findElement(ElementActions.java:40)
	at com.swaglabs.utils.Scrolling.scrollToElement(Scrolling.java:15)
	at com.swaglabs.utils.ElementActions.findElement(ElementActions.java:40)
	at com.swaglabs.utils.Scrolling.scrollToElement(Scrolling.java:15)
	at com.swaglabs.utils.ElementActions.findElement(ElementActions.java:40)
	at com.swaglabs.utils.Scrolling.scrollToElement(Scrolling.java:15)
	at com.swaglabs.utils.ElementActions.findElement(ElementActions.java:40)
	at com.swaglabs.utils.Scrolling.scrollToElement(Scrolling.java:15)
	at com.swaglabs.utils.ElementActions.findElement(ElementActions.java:40)
	at com.swaglabs.utils.Scrolling.scrollToElement(Scrolling.java:15)
	at com.swaglabs.utils.ElementActions.findElement(ElementActions.java:40)
	at com.swaglabs.utils.Scrolling.scrollToElement(Scrolling.java:15)
	at com.swaglabs.utils.ElementActions.findElement(ElementActions.java:40)
	at com.swaglabs.utils.Scrolling.scrollToElement(Scrolling.java:15)
	at com.swaglabs.utils.ElementActions.findElement(ElementActions.java:40)
	at com.swaglabs.utils.Scrolling.scrollToElement(Scrolling.java:15)
	at com.swaglabs.utils.ElementActions.findElement(ElementActions.java:40)
	at com.swaglabs.utils.Scrolling.scrollToElement(Scrolling.java:15)
	at com.swaglabs.utils.ElementActions.findElement(ElementActions.java:40)
	at com.swaglabs.utils.Scrolling.scrollToElement(Scrolling.java:15)
	at com.swaglabs.utils.ElementActions.findElement(ElementActions.java:40)
	at com.swaglabs.utils.Scrolling.scrollToElement(Scrolling.java:15)
	at com.swaglabs.utils.ElementActions.findElement(ElementActions.java:40)
	at com.swaglabs.utils.Scrolling.scrollToElement(Scrolling.java:15)
	at com.swaglabs.utils.ElementActions.findElement(ElementActions.java:40)
	at com.swaglabs.utils.Scrolling.scrollToElement(Scrolling.java:15)
	at com.swaglabs.utils.ElementActions.findElement(ElementActions.java:40)
	at com.swaglabs.utils.Scrolling.scrollToElement(Scrolling.java:15)
	at com.swaglabs.utils.ElementActions.findElement(ElementActions.java:40)
	at com.swaglabs.utils.Scrolling.scrollToElement(Scrolling.java:15)
	at com.swaglabs.utils.ElementActions.findElement(ElementActions.java:40)
	at com.swaglabs.utils.Scrolling.scrollToElement(Scrolling.java:15)
	at com.swaglabs.utils.ElementActions.findElement(ElementActions.java:40)
	at com.swaglabs.utils.Scrolling.scrollToElement(Scrolling.java:15)
	at com.swaglabs.utils.ElementActions.findElement(ElementActions.java:40)
	at com.swaglabs.utils.Scrolling.scrollToElement(Scrolling.java:15)
	at com.swaglabs.utils.ElementActions.findElement(ElementActions.java:40)
	at com.swaglabs.utils.Scrolling.scrollToElement(Scrolling.java:15)
	at com.swaglabs.utils.ElementActions.findElement(ElementActions.java:40)
	at com.swaglabs.utils.Scrolling.scrollToElement(Scrolling.java:15)
	at com.swaglabs.utils.ElementActions.findElement(ElementActions.java:40)
	at com.swaglabs.utils.Scrolling.scrollToElement(Scrolling.java:15)
	at com.swaglabs.utils.ElementActions.findElement(ElementActions.java:40)
	at com.swaglabs.utils.Scrolling.scrollToElement(Scrolling.java:15)
	at com.swaglabs.utils.ElementActions.findElement(ElementActions.java:40)
	at com.swaglabs.utils.Scrolling.scrollToElement(Scrolling.java:15)
	at com.swaglabs.utils.ElementActions.findElement(ElementActions.java:40)
	at com.swaglabs.utils.Scrolling.scrollToElement(Scrolling.java:15)
	at com.swaglabs.utils.ElementActions.findElement(ElementActions.java:40)
	at com.swaglabs.utils.Scrolling.scrollToElement(Scrolling.java:15)
	at com.swaglabs.utils.ElementActions.findElement(ElementActions.java:40)
	at com.swaglabs.utils.Scrolling.scrollToElement(Scrolling.java:15)
	at com.swaglabs.utils.ElementActions.findElement(ElementActions.java:40)
	at com.swaglabs.utils.Scrolling.scrollToElement(Scrolling.java:15)
	at com.swaglabs.utils.ElementActions.findElement(ElementActions.java:40)
	at com.swaglabs.utils.Scrolling.scrollToElement(Scrolling.java:15)
	at com.swaglabs.utils.ElementActions.findElement(ElementActions.java:40)
	at com.swaglabs.utils.Scrolling.scrollToElement(Scrolling.java:15)
	at com.swaglabs.utils.ElementActions.findElement(ElementActions.java:40)
	at com.swaglabs.utils.Scrolling.scrollToElement(Scrolling.java:15)
	at com.swaglabs.utils.ElementActions.findElement(ElementActions.java:40)
	at com.swaglabs.utils.Scrolling.scrollToElement(Scrolling.java:15)
	at com.swaglabs.utils.ElementActions.findElement(ElementActions.java:40)
	at com.swaglabs.utils.Scrolling.scrollToElement(Scrolling.java:15)
	at com.swaglabs.utils.ElementActions.findElement(ElementActions.java:40)
	at com.swaglabs.utils.Scrolling.scrollToElement(Scrolling.java:15)
	at com.swaglabs.utils.ElementActions.findElement(ElementActions.java:40)
	at com.swaglabs.utils.Scrolling.scrollToElement(Scrolling.java:15)
	at com.swaglabs.utils.ElementActions.findElement(ElementActions.java:40)
	at com.swaglabs.utils.Scrolling.scrollToElement(Scrolling.java:15)
	at com.swaglabs.utils.ElementActions.findElement(ElementActions.java:40)
	at com.swaglabs.utils.Scrolling.scrollToElement(Scrolling.java:15)
	at com.swaglabs.utils.ElementActions.findElement(ElementActions.java:40)
	at com.swaglabs.utils.Scrolling.scrollToElement(Scrolling.java:15)
	at com.swaglabs.utils.ElementActions.findElement(ElementActions.java:40)
	at com.swaglabs.utils.Scrolling.scrollToElement(Scrolling.java:15)
	at com.swaglabs.utils.ElementActions.findElement(ElementActions.java:40)
	at com.swaglabs.utils.Scrolling.scrollToElement(Scrolling.java:15)
	at com.swaglabs.utils.ElementActions.findElement(ElementActions.java:40)
	at com.swaglabs.utils.Scrolling.scrollToElement(Scrolling.java:15)
	at com.swaglabs.utils.ElementActions.findElement(ElementActions.java:40)
	at com.swaglabs.utils.Scrolling.scrollToElement(Scrolling.java:15)
	at com.swaglabs.utils.ElementActions.findElement(ElementActions.java:40)
	at com.swaglabs.utils.Scrolling.scrollToElement(Scrolling.java:15)
	at com.swaglabs.utils.ElementActions.findElement(ElementActions.java:40)
	at com.swaglabs.utils.Scrolling.scrollToElement(Scrolling.java:15)
	at com.swaglabs.utils.ElementActions.findElement(ElementActions.java:40)
	at com.swaglabs.utils.Scrolling.scrollToElement(Scrolling.java:15)
	at com.swaglabs.utils.ElementActions.findElement(ElementActions.java:40)
	at com.swaglabs.utils.Scrolling.scrollToElement(Scrolling.java:15)
	at com.swaglabs.utils.ElementActions.findElement(ElementActions.java:40)
	at com.swaglabs.utils.Scrolling.scrollToElement(Scrolling.java:15)
	at com.swaglabs.utils.ElementActions.findElement(ElementActions.java:40)
	at com.swaglabs.utils.Scrolling.scrollToElement(Scrolling.java:15)
	at com.swaglabs.utils.ElementActions.findElement(ElementActions.java:40)
	at com.swaglabs.utils.Scrolling.scrollToElement(Scrolling.java:15)
	at com.swaglabs.utils.ElementActions.findElement(ElementActions.java:40)
	at com.swaglabs.utils.Scrolling.scrollToElement(Scrolling.java:15)
	at com.swaglabs.utils.ElementActions.findElement(ElementActions.java:40)
	at com.swaglabs.utils.Scrolling.scrollToElement(Scrolling.java:15)
	at com.swaglabs.utils.ElementActions.findElement(ElementActions.java:40)
	at com.swaglabs.utils.Scrolling.scrollToElement(Scrolling.java:15)
	at com.swaglabs.utils.ElementActions.findElement(ElementActions.java:40)
	at com.swaglabs.utils.Scrolling.scrollToElement(Scrolling.java:15)
	at com.swaglabs.utils.ElementActions.findElement(ElementActions.java:40)
	at com.swaglabs.utils.Scrolling.scrollToElement(Scrolling.java:15)
	at com.swaglabs.utils.ElementActions.findElement(ElementActions.java:40)
	at com.swaglabs.utils.Scrolling.scrollToElement(Scrolling.java:15)
	at com.swaglabs.utils.ElementActions.findElement(ElementActions.java:40)
	at com.swaglabs.utils.Scrolling.scrollToElement(Scrolling.java:15)
	at com.swaglabs.utils.ElementActions.findElement(ElementActions.java:40)
	at com.swaglabs.utils.Scrolling.scrollToElement(Scrolling.java:15)
	at com.swaglabs.utils.ElementActions.findElement(ElementActions.java:40)
	at com.swaglabs.utils.Scrolling.scrollToElement(Scrolling.java:15)
	at com.swaglabs.utils.ElementActions.findElement(ElementActions.java:40)
	at com.swaglabs.utils.Scrolling.scrollToElement(Scrolling.java:15)
	at com.swaglabs.utils.ElementActions.findElement(ElementActions.java:40)
	at com.swaglabs.utils.Scrolling.scrollToElement(Scrolling.java:15)
	at com.swaglabs.utils.ElementActions.findElement(ElementActions.java:40)
	at com.swaglabs.utils.Scrolling.scrollToElement(Scrolling.java:15)
	at com.swaglabs.utils.ElementActions.findElement(ElementActions.java:40)
	at com.swaglabs.utils.Scrolling.scrollToElement(Scrolling.java:15)
	at com.swaglabs.utils.ElementActions.findElement(ElementActions.java:40)
	at com.swaglabs.utils.Scrolling.scrollToElement(Scrolling.java:15)
	at com.swaglabs.utils.ElementActions.findElement(ElementActions.java:40)
	at com.swaglabs.utils.Scrolling.scrollToElement(Scrolling.java:15)
	at com.swaglabs.utils.ElementActions.findElement(ElementActions.java:40)
	at com.swaglabs.utils.Scrolling.scrollToElement(Scrolling.java:15)
	at com.swaglabs.utils.ElementActions.findElement(ElementActions.java:40)
	at com.swaglabs.utils.Scrolling.scrollToElement(Scrolling.java:15)
	at com.swaglabs.utils.ElementActions.findElement(ElementActions.java:40)
	at com.swaglabs.utils.Scrolling.scrollToElement(Scrolling.java:15)
	at com.swaglabs.utils.ElementActions.findElement(ElementActions.java:40)
	at com.swaglabs.utils.Scrolling.scrollToElement(Scrolling.java:15)
	at com.swaglabs.utils.ElementActions.findElement(ElementActions.java:40)
	at com.swaglabs.utils.Scrolling.scrollToElement(Scrolling.java:15)
	at com.swaglabs.utils.ElementActions.findElement(ElementActions.java:40)
	at com.swaglabs.utils.Scrolling.scrollToElement(Scrolling.java:15)
	at com.swaglabs.utils.ElementActions.findElement(ElementActions.java:40)
	at com.swaglabs.utils.Scrolling.scrollToElement(Scrolling.java:15)
	at com.swaglabs.utils.ElementActions.findElement(ElementActions.java:40)
	at com.swaglabs.utils.Scrolling.scrollToElement(Scrolling.java:15)
	at com.swaglabs.utils.ElementActions.findElement(ElementActions.java:40)
	at com.swaglabs.utils.Scrolling.scrollToElement(Scrolling.java:15)
	at com.swaglabs.utils.ElementActions.findElement(ElementActions.java:40)
	at com.swaglabs.utils.Scrolling.scrollToElement(Scrolling.java:15)
	at com.swaglabs.utils.ElementActions.findElement(ElementActions.java:40)
	at com.swaglabs.utils.Scrolling.scrollToElement(Scrolling.java:15)
	at com.swaglabs.utils.ElementActions.findElement(ElementActions.java:40)
	at com.swaglabs.utils.Scrolling.scrollToElement(Scrolling.java:15)
	at com.swaglabs.utils.ElementActions.findElement(ElementActions.java:40)
	at com.swaglabs.utils.Scrolling.scrollToElement(Scrolling.java:15)
	at com.swaglabs.utils.ElementActions.findElement(ElementActions.java:40)
	at com.swaglabs.utils.Scrolling.scrollToElement(Scrolling.java:15)
	at com.swaglabs.utils.ElementActions.findElement(ElementActions.java:40)
	at com.swaglabs.utils.Scrolling.scrollToElement(Scrolling.java:15)
	at com.swaglabs.utils.ElementActions.findElement(ElementActions.java:40)
	at com.swaglabs.utils.Scrolling.scrollToElement(Scrolling.java:15)
	at com.swaglabs.utils.ElementActions.findElement(ElementActions.java:40)
	at com.swaglabs.utils.Scrolling.scrollToElement(Scrolling.java:15)
	at com.swaglabs.utils.ElementActions.findElement(ElementActions.java:40)
	at com.swaglabs.utils.Scrolling.scrollToElement(Scrolling.java:15)
	at com.swaglabs.utils.ElementActions.findElement(ElementActions.java:40)
	at com.swaglabs.utils.Scrolling.scrollToElement(Scrolling.java:15)
	at com.swaglabs.utils.ElementActions.findElement(ElementActions.java:40)
	at com.swaglabs.utils.Scrolling.scrollToElement(Scrolling.java:15)
	at com.swaglabs.utils.ElementActions.findElement(ElementActions.java:40)
	at com.swaglabs.utils.Scrolling.scrollToElement(Scrolling.java:15)
	at com.swaglabs.utils.ElementActions.findElement(ElementActions.java:40)
	at com.swaglabs.utils.Scrolling.scrollToElement(Scrolling.java:15)
	at com.swaglabs.utils.ElementActions.findElement(ElementActions.java:40)
	at com.swaglabs.utils.Scrolling.scrollToElement(Scrolling.java:15)
	at com.swaglabs.utils.ElementActions.findElement(ElementActions.java:40)
	at com.swaglabs.utils.Scrolling.scrollToElement(Scrolling.java:15)
	at com.swaglabs.utils.ElementActions.findElement(ElementActions.java:40)
	at com.swaglabs.utils.Scrolling.scrollToElement(Scrolling.java:15)
	at com.swaglabs.utils.ElementActions.findElement(ElementActions.java:40)
	at com.swaglabs.utils.Scrolling.scrollToElement(Scrolling.java:15)
	at com.swaglabs.utils.ElementActions.findElement(ElementActions.java:40)
	at com.swaglabs.utils.Scrolling.scrollToElement(Scrolling.java:15)
	at com.swaglabs.utils.ElementActions.findElement(ElementActions.java:40)
	at com.swaglabs.utils.Scrolling.scrollToElement(Scrolling.java:15)
	at com.swaglabs.utils.ElementActions.findElement(ElementActions.java:40)
	at com.swaglabs.utils.Scrolling.scrollToElement(Scrolling.java:15)
	at com.swaglabs.utils.ElementActions.findElement(ElementActions.java:40)
	at com.swaglabs.utils.Scrolling.scrollToElement(Scrolling.java:15)
	at com.swaglabs.utils.ElementActions.findElement(ElementActions.java:40)
	at com.swaglabs.utils.Scrolling.scrollToElement(Scrolling.java:15)
	at com.swaglabs.utils.ElementActions.findElement(ElementActions.java:40)
	at com.swaglabs.utils.Scrolling.scrollToElement(Scrolling.java:15)
	at com.swaglabs.utils.ElementActions.findElement(ElementActions.java:40)
	at com.swaglabs.utils.Scrolling.scrollToElement(Scrolling.java:15)
	at com.swaglabs.utils.ElementActions.findElement(ElementActions.java:40)
	at com.swaglabs.utils.Scrolling.scrollToElement(Scrolling.java:15)
	at com.swaglabs.utils.ElementActions.findElement(ElementActions.java:40)
	at com.swaglabs.utils.Scrolling.scrollToElement(Scrolling.java:15)
	at com.swaglabs.utils.ElementActions.findElement(ElementActions.java:40)
	at com.swaglabs.utils.Scrolling.scrollToElement(Scrolling.java:15)
	at com.swaglabs.utils.ElementActions.findElement(ElementActions.java:40)
	at com.swaglabs.utils.Scrolling.scrollToElement(Scrolling.java:15)
	at com.swaglabs.utils.ElementActions.findElement(ElementActions.java:40)
	at com.swaglabs.utils.Scrolling.scrollToElement(Scrolling.java:15)
	at com.swaglabs.utils.ElementActions.findElement(ElementActions.java:40)
	at com.swaglabs.utils.Scrolling.scrollToElement(Scrolling.java:15)
	at com.swaglabs.utils.ElementActions.findElement(ElementActions.java:40)
	at com.swaglabs.utils.Scrolling.scrollToElement(Scrolling.java:15)
	at com.swaglabs.utils.ElementActions.findElement(ElementActions.java:40)
	at com.swaglabs.utils.Scrolling.scrollToElement(Scrolling.java:15)
	at com.swaglabs.utils.ElementActions.findElement(ElementActions.java:40)
	at com.swaglabs.utils.Scrolling.scrollToElement(Scrolling.java:15)
	at com.swaglabs.utils.ElementActions.findElement(ElementActions.java:40)
	at com.swaglabs.utils.Scrolling.scrollToElement(Scrolling.java:15)
	at com.swaglabs.utils.ElementActions.findElement(ElementActions.java:40)
	at com.swaglabs.utils.Scrolling.scrollToElement(Scrolling.java:15)
	at com.swaglabs.utils.ElementActions.findElement(ElementActions.java:40)
	at com.swaglabs.utils.Scrolling.scrollToElement(Scrolling.java:15)
	at com.swaglabs.utils.ElementActions.findElement(ElementActions.java:40)
	at com.swaglabs.utils.Scrolling.scrollToElement(Scrolling.java:15)
	at com.swaglabs.utils.ElementActions.findElement(ElementActions.java:40)
	at com.swaglabs.utils.Scrolling.scrollToElement(Scrolling.java:15)
	at com.swaglabs.utils.ElementActions.findElement(ElementActions.java:40)
	at com.swaglabs.utils.Scrolling.scrollToElement(Scrolling.java:15)
	at com.swaglabs.utils.ElementActions.findElement(ElementActions.java:40)
	at com.swaglabs.utils.Scrolling.scrollToElement(Scrolling.java:15)
	at com.swaglabs.utils.ElementActions.findElement(ElementActions.java:40)
	at com.swaglabs.utils.Scrolling.scrollToElement(Scrolling.java:15)
	at com.swaglabs.utils.ElementActions.findElement(ElementActions.java:40)
	at com.swaglabs.utils.Scrolling.scrollToElement(Scrolling.java:15)
	at com.swaglabs.utils.ElementActions.findElement(ElementActions.java:40)
	at com.swaglabs.utils.Scrolling.scrollToElement(Scrolling.java:15)
	at com.swaglabs.utils.ElementActions.findElement(ElementActions.java:40)
	at com.swaglabs.utils.Scrolling.scrollToElement(Scrolling.java:15)
	at com.swaglabs.utils.ElementActions.findElement(ElementActions.java:40)
	at com.swaglabs.utils.Scrolling.scrollToElement(Scrolling.java:15)
	at com.swaglabs.utils.ElementActions.findElement(ElementActions.java:40)
	at com.swaglabs.utils.Scrolling.scrollToElement(Scrolling.java:15)
	at com.swaglabs.utils.ElementActions.findElement(ElementActions.java:40)
	at com.swaglabs.utils.Scrolling.scrollToElement(Scrolling.java:15)
	at com.swaglabs.utils.ElementActions.findElement(ElementActions.java:40)
	at com.swaglabs.utils.Scrolling.scrollToElement(Scrolling.java:15)
	at com.swaglabs.utils.ElementActions.findElement(ElementActions.java:40)
	at com.swaglabs.utils.Scrolling.scrollToElement(Scrolling.java:15)
	at com.swaglabs.utils.ElementActions.findElement(ElementActions.java:40)
	at com.swaglabs.utils.Scrolling.scrollToElement(Scrolling.java:15)
	at com.swaglabs.utils.ElementActions.findElement(ElementActions.java:40)
	at com.swaglabs.utils.Scrolling.scrollToElement(Scrolling.java:15)
	at com.swaglabs.utils.ElementActions.findElement(ElementActions.java:40)
	at com.swaglabs.utils.Scrolling.scrollToElement(Scrolling.java:15)
	at com.swaglabs.utils.ElementActions.findElement(ElementActions.java:40)
	at com.swaglabs.utils.Scrolling.scrollToElement(Scrolling.java:15)
	at com.swaglabs.utils.ElementActions.findElement(ElementActions.java:40)
	at com.swaglabs.utils.Scrolling.scrollToElement(Scrolling.java:15)
	at com.swaglabs.utils.ElementActions.findElement(ElementActions.java:40)
	at com.swaglabs.utils.Scrolling.scrollToElement(Scrolling.java:15)
	at com.swaglabs.utils.ElementActions.findElement(ElementActions.java:40)
	at com.swaglabs.utils.Scrolling.scrollToElement(Scrolling.java:15)
	at com.swaglabs.utils.ElementActions.findElement(ElementActions.java:40)
	at com.swaglabs.utils.Scrolling.scrollToElement(Scrolling.java:15)
	at com.swaglabs.utils.ElementActions.findElement(ElementActions.java:40)
	at com.swaglabs.utils.Scrolling.scrollToElement(Scrolling.java:15)
	at com.swaglabs.utils.ElementActions.findElement(ElementActions.java:40)
	at com.swaglabs.utils.Scrolling.scrollToElement(Scrolling.java:15)
	at com.swaglabs.utils.ElementActions.findElement(ElementActions.java:40)
	at com.swaglabs.utils.Scrolling.scrollToElement(Scrolling.java:15)
Caused by: org.openqa.selenium.NoSuchWindowException: no such window: target window already closed
from unknown error: web view not found
  (Session info: chrome=139.0.7258.155)
Build info: version: '4.34.0', revision: '707dcb4246*'
System info: os.name: 'Windows 11', os.arch: 'amd64', os.version: '10.0', java.version: '21.0.8'
Driver info: org.openqa.selenium.chrome.ChromeDriver
Command: [5e82b57f3eaad96db75a83d80ec6341e, findElement {using=id, value=user-name}]
Capabilities {acceptInsecureCerts: false, browserName: chrome, browserVersion: 139.0.7258.155, chrome: {chromedriverVersion: 139.0.7258.154 (9e0d6b2b47f..., userDataDir: C:\Users\Lenovo\AppData\Loc...}, fedcm:accounts: true, goog:chromeOptions: {debuggerAddress: localhost:50045}, networkConnectionEnabled: false, pageLoadStrategy: normal, platformName: windows, proxy: Proxy(), se:cdp: ws://localhost:50045/devtoo..., se:cdpVersion: 139.0.7258.155, setWindowRect: true, strictFileInteractability: false, timeouts: {implicit: 0, pageLoad: 300000, script: 30000}, unhandledPromptBehavior: dismiss and notify, webauthn:extension:credBlob: true, webauthn:extension:largeBlob: true, webauthn:extension:minPinLength: true, webauthn:extension:prf: true, webauthn:virtualAuthenticators: true}
Session ID: 5e82b57f3eaad96db75a83d80ec6341e
	at java.base/jdk.internal.reflect.DirectConstructorHandleAccessor.newInstance(DirectConstructorHandleAccessor.java:62)
	at java.base/java.lang.reflect.Constructor.newInstanceWithCaller(Constructor.java:502)
	at java.base/java.lang.reflect.Constructor.newInstance(Constructor.java:486)
	at org.openqa.selenium.remote.ErrorCodec.decode(ErrorCodec.java:167)
	at org.openqa.selenium.remote.codec.w3c.W3CHttpResponseCodec.decode(W3CHttpResponseCodec.java:138)
	at org.openqa.selenium.remote.codec.w3c.W3CHttpResponseCodec.decode(W3CHttpResponseCodec.java:50)
	at org.openqa.selenium.remote.HttpCommandExecutor.execute(HttpCommandExecutor.java:215)
	at org.openqa.selenium.remote.service.DriverCommandExecutor.invokeExecute(DriverCommandExecutor.java:216)
	at org.openqa.selenium.remote.service.DriverCommandExecutor.execute(DriverCommandExecutor.java:174)
	at org.openqa.selenium.remote.RemoteWebDriver.execute(RemoteWebDriver.java:544)
	at org.openqa.selenium.remote.ElementLocation$ElementFinder$2.findElement(ElementLocation.java:165)
	at org.openqa.selenium.remote.ElementLocation.findElement(ElementLocation.java:59)
	at org.openqa.selenium.remote.RemoteWebDriver.findElement(RemoteWebDriver.java:367)
	at org.openqa.selenium.remote.RemoteWebDriver.findElement(RemoteWebDriver.java:361)
	at com.swaglabs.utils.Waits.lambda$0(Waits.java:20)
	at org.openqa.selenium.support.ui.FluentWait.until(FluentWait.java:203)
	at com.swaglabs.utils.Waits.waitForElementToBePresent(Waits.java:20)
	at com.swaglabs.utils.Waits.lambda$1(Waits.java:27)
	at org.openqa.selenium.support.ui.FluentWait.until(FluentWait.java:203)
	at com.swaglabs.utils.Waits.waitForElementToBeVisible(Waits.java:26)
	at com.swaglabs.utils.ElementActions.findElement(ElementActions.java:39)
	... 1003 more
]]></failure>
    <system-err><![CDATA[SLF4J(W): No SLF4J providers were found.
SLF4J(W): Defaulting to no-operation (NOP) logger implementation
SLF4J(W): See https://www.slf4j.org/codes.html#noProviders for further details.
sept. 04, 2025 8:35:19 PM org.openqa.selenium.devtools.CdpVersionFinder findNearestMatch
WARNING: Unable to find an exact match for CDP version 139, returning the closest version; found: 138; Please update to a Selenium version that supports CDP version 139
]]></system-err>
  </testcase>
</testsuite>